------------------------------------------------------------------------------------------------------------------------

[2023-10-15 20:55:36 #1 store] 
Database 'C:\Users\iaram\git\SI-B\src\main\resources\bets.temp' has been recovered (tr. 2102-2208)

[2023-10-15 20:55:36 #2 store] 
Database 'C:\Users\iaram\git\SI-B\src\main\resources\bets.temp' is opened by 9312@LAPTOP-QG7DD9CE

[2023-10-15 20:55:36 #3 type] 
Type domain.Aukera is not enhanced.

[2023-10-15 20:55:36 #4 type] 
Type domain.Apustua is not enhanced.

[2023-10-15 20:55:36 #5 type] 
Type domain.Question is not enhanced.

[2023-10-15 20:55:36 #6 type] 
Type domain.Event is not enhanced.

[2023-10-15 20:55:36 #7 type] 
Type domain.User is not enhanced.

[2023-10-15 20:55:36 #8 type] 
Type domain.Erregistratua is not enhanced.

[2023-10-15 20:55:36 #9 type] 
Type domain.Mezua is not enhanced.

[2023-10-15 20:55:36 #10 type] 
Type domain.Mugimendua is not enhanced.

[2023-10-15 20:55:36 #11 type] 
Type domain.Admin is not enhanced.

[2023-10-15 20:55:36 #12 type] 
Type domain.Editorea is not enhanced.

------------------------------------------------------------------------------------------------------------------------

[2023-10-15 20:58:18 #1 store] 
Database 'C:\Users\iaram\git\SI-B\src\main\resources\bets.temp' has been recovered (tr. 2316-2420)

[2023-10-15 20:58:18 #2 store] 
Database 'C:\Users\iaram\git\SI-B\src\main\resources\bets.temp' is opened by 25236@LAPTOP-QG7DD9CE

[2023-10-15 20:58:18 #3 type] 
Type domain.Aukera is not enhanced.

[2023-10-15 20:58:18 #4 type] 
Type domain.Apustua is not enhanced.

[2023-10-15 20:58:18 #5 type] 
Type domain.Question is not enhanced.

[2023-10-15 20:58:18 #6 type] 
Type domain.Event is not enhanced.

[2023-10-15 20:58:18 #7 type] 
Type domain.User is not enhanced.

[2023-10-15 20:58:18 #8 type] 
Type domain.Erregistratua is not enhanced.

[2023-10-15 20:58:18 #9 type] 
Type domain.Mezua is not enhanced.

[2023-10-15 20:58:18 #10 type] 
Type domain.Mugimendua is not enhanced.

[2023-10-15 20:58:18 #11 type] 
Type domain.Admin is not enhanced.

[2023-10-15 20:58:18 #12 type] 
Type domain.Editorea is not enhanced.

