------------------------------------------------------------------------------------------------------------------------

[2023-10-12 08:17:56 #1 store] 
Database 'C:\Users\iaram\git\SI-\src\main\resources\bets.temp' has been recovered (tr. 57-63)

[2023-10-12 08:17:56 #2 store] 
Database 'C:\Users\iaram\git\SI-\src\main\resources\bets.temp' is opened by 25408@LAPTOP-QG7DD9CE

[2023-10-12 08:17:56 #3 type] 
Type domain.Aukera is not enhanced.

[2023-10-12 08:17:56 #4 type] 
Type domain.Apustua is not enhanced.

[2023-10-12 08:17:56 #5 type] 
Type domain.Question is not enhanced.

[2023-10-12 08:17:56 #6 type] 
Type domain.Event is not enhanced.

[2023-10-12 08:17:56 #7 type] 
Type domain.User is not enhanced.

[2023-10-12 08:17:56 #8 type] 
Type domain.Erregistratua is not enhanced.

[2023-10-12 08:17:56 #9 type] 
Type domain.Mezua is not enhanced.

[2023-10-12 08:17:56 #10 type] 
Type domain.Mugimendua is not enhanced.

[2023-10-12 08:17:56 #11 type] 
Type domain.Admin is not enhanced.

[2023-10-12 08:17:56 #12 type] 
Type domain.Editorea is not enhanced.

------------------------------------------------------------------------------------------------------------------------

[2023-10-12 08:18:40 #1 store] 
Database 'C:\Users\iaram\git\SI-\src\main\resources\bets.temp' has been recovered (tr. 64-159)

[2023-10-12 08:18:40 #2 store] 
Database 'C:\Users\iaram\git\SI-\src\main\resources\bets.temp' is opened by 5908@LAPTOP-QG7DD9CE

[2023-10-12 08:18:41 #3 type] 
Type domain.Aukera is not enhanced.

[2023-10-12 08:18:41 #4 type] 
Type domain.Apustua is not enhanced.

[2023-10-12 08:18:41 #5 type] 
Type domain.Question is not enhanced.

[2023-10-12 08:18:41 #6 type] 
Type domain.Event is not enhanced.

[2023-10-12 08:18:41 #7 type] 
Type domain.User is not enhanced.

[2023-10-12 08:18:41 #8 type] 
Type domain.Erregistratua is not enhanced.

[2023-10-12 08:18:41 #9 type] 
Type domain.Mezua is not enhanced.

[2023-10-12 08:18:41 #10 type] 
Type domain.Mugimendua is not enhanced.

[2023-10-12 08:18:41 #11 type] 
Type domain.Admin is not enhanced.

[2023-10-12 08:18:41 #12 type] 
Type domain.Editorea is not enhanced.

------------------------------------------------------------------------------------------------------------------------

[2023-10-12 08:21:07 #1 store] 
Database 'C:\Users\iaram\git\SI-\src\main\resources\bets.temp' has been recovered (tr. 160-257)

[2023-10-12 08:21:07 #2 store] 
Database 'C:\Users\iaram\git\SI-\src\main\resources\bets.temp' is opened by 22904@LAPTOP-QG7DD9CE

[2023-10-12 08:21:08 #3 type] 
Type domain.Aukera is not enhanced.

[2023-10-12 08:21:08 #4 type] 
Type domain.Apustua is not enhanced.

[2023-10-12 08:21:08 #5 type] 
Type domain.Question is not enhanced.

[2023-10-12 08:21:08 #6 type] 
Type domain.Event is not enhanced.

[2023-10-12 08:21:08 #7 type] 
Type domain.User is not enhanced.

[2023-10-12 08:21:08 #8 type] 
Type domain.Erregistratua is not enhanced.

[2023-10-12 08:21:08 #9 type] 
Type domain.Mezua is not enhanced.

[2023-10-12 08:21:08 #10 type] 
Type domain.Mugimendua is not enhanced.

[2023-10-12 08:21:08 #11 type] 
Type domain.Admin is not enhanced.

[2023-10-12 08:21:08 #12 type] 
Type domain.Editorea is not enhanced.

------------------------------------------------------------------------------------------------------------------------

[2023-10-12 08:23:38 #1 store] 
Database 'C:\Users\iaram\git\SI-\src\main\resources\bets.temp' has been recovered (tr. 258-380)

[2023-10-12 08:23:38 #2 store] 
Database 'C:\Users\iaram\git\SI-\src\main\resources\bets.temp' is opened by 19056@LAPTOP-QG7DD9CE

[2023-10-12 08:23:38 #3 type] 
Type domain.Aukera is not enhanced.

[2023-10-12 08:23:38 #4 type] 
Type domain.Apustua is not enhanced.

[2023-10-12 08:23:38 #5 type] 
Type domain.Question is not enhanced.

[2023-10-12 08:23:38 #6 type] 
Type domain.Event is not enhanced.

[2023-10-12 08:23:38 #7 type] 
Type domain.User is not enhanced.

[2023-10-12 08:23:38 #8 type] 
Type domain.Erregistratua is not enhanced.

[2023-10-12 08:23:38 #9 type] 
Type domain.Mezua is not enhanced.

[2023-10-12 08:23:38 #10 type] 
Type domain.Mugimendua is not enhanced.

[2023-10-12 08:23:38 #11 type] 
Type domain.Admin is not enhanced.

[2023-10-12 08:23:38 #12 type] 
Type domain.Editorea is not enhanced.

------------------------------------------------------------------------------------------------------------------------

[2023-10-12 08:53:35 #1 store] 
Database 'C:\Users\iaram\git\SI-\src\main\resources\bets.temp' has been recovered (tr. 381-502)

[2023-10-12 08:53:35 #2 store] 
Database 'C:\Users\iaram\git\SI-\src\main\resources\bets.temp' is opened by 5844@LAPTOP-QG7DD9CE

[2023-10-12 08:53:35 #3 type] 
Type domain.Aukera is not enhanced.

[2023-10-12 08:53:35 #4 type] 
Type domain.Apustua is not enhanced.

[2023-10-12 08:53:35 #5 type] 
Type domain.Question is not enhanced.

[2023-10-12 08:53:35 #6 type] 
Type domain.Event is not enhanced.

[2023-10-12 08:53:35 #7 type] 
Type domain.User is not enhanced.

[2023-10-12 08:53:35 #8 type] 
Type domain.Erregistratua is not enhanced.

[2023-10-12 08:53:35 #9 type] 
Type domain.Mezua is not enhanced.

[2023-10-12 08:53:35 #10 type] 
Type domain.Mugimendua is not enhanced.

[2023-10-12 08:53:35 #11 type] 
Type domain.Admin is not enhanced.

[2023-10-12 08:53:35 #12 type] 
Type domain.Editorea is not enhanced.

------------------------------------------------------------------------------------------------------------------------

[2023-10-12 09:04:18 #1 store] 
Database 'C:\Users\iaram\git\SI-\src\main\resources\bets.temp' has been recovered (tr. 503-609)

[2023-10-12 09:04:18 #2 store] 
Database 'C:\Users\iaram\git\SI-\src\main\resources\bets.temp' is opened by 28520@LAPTOP-QG7DD9CE

[2023-10-12 09:04:18 #3 type] 
Type domain.Aukera is not enhanced.

[2023-10-12 09:04:18 #4 type] 
Type domain.Apustua is not enhanced.

[2023-10-12 09:04:18 #5 type] 
Type domain.Question is not enhanced.

[2023-10-12 09:04:18 #6 type] 
Type domain.Event is not enhanced.

[2023-10-12 09:04:18 #7 type] 
Type domain.User is not enhanced.

[2023-10-12 09:04:18 #8 type] 
Type domain.Erregistratua is not enhanced.

[2023-10-12 09:04:18 #9 type] 
Type domain.Mezua is not enhanced.

[2023-10-12 09:04:18 #10 type] 
Type domain.Mugimendua is not enhanced.

[2023-10-12 09:04:18 #11 type] 
Type domain.Admin is not enhanced.

[2023-10-12 09:04:18 #12 type] 
Type domain.Editorea is not enhanced.

------------------------------------------------------------------------------------------------------------------------

[2023-10-12 09:05:37 #1 store] 
Database 'C:\Users\iaram\git\SI-\src\main\resources\bets.temp' has been recovered (tr. 610-716)

[2023-10-12 09:05:37 #2 store] 
Database 'C:\Users\iaram\git\SI-\src\main\resources\bets.temp' is opened by 17204@LAPTOP-QG7DD9CE

[2023-10-12 09:05:37 #3 type] 
Type domain.Aukera is not enhanced.

[2023-10-12 09:05:37 #4 type] 
Type domain.Apustua is not enhanced.

[2023-10-12 09:05:37 #5 type] 
Type domain.Question is not enhanced.

[2023-10-12 09:05:37 #6 type] 
Type domain.Event is not enhanced.

[2023-10-12 09:05:37 #7 type] 
Type domain.User is not enhanced.

[2023-10-12 09:05:37 #8 type] 
Type domain.Erregistratua is not enhanced.

[2023-10-12 09:05:37 #9 type] 
Type domain.Mezua is not enhanced.

[2023-10-12 09:05:37 #10 type] 
Type domain.Mugimendua is not enhanced.

[2023-10-12 09:05:37 #11 type] 
Type domain.Admin is not enhanced.

[2023-10-12 09:05:37 #12 type] 
Type domain.Editorea is not enhanced.

------------------------------------------------------------------------------------------------------------------------

[2023-10-12 09:08:24 #1 store] 
Database 'C:\Users\iaram\git\SI-\src\main\resources\bets.temp' has been recovered (tr. 717-823)

[2023-10-12 09:08:24 #2 store] 
Database 'C:\Users\iaram\git\SI-\src\main\resources\bets.temp' is opened by 27104@LAPTOP-QG7DD9CE

[2023-10-12 09:08:24 #3 type] 
Type domain.Aukera is not enhanced.

[2023-10-12 09:08:24 #4 type] 
Type domain.Apustua is not enhanced.

[2023-10-12 09:08:24 #5 type] 
Type domain.Question is not enhanced.

[2023-10-12 09:08:24 #6 type] 
Type domain.Event is not enhanced.

[2023-10-12 09:08:24 #7 type] 
Type domain.User is not enhanced.

[2023-10-12 09:08:24 #8 type] 
Type domain.Erregistratua is not enhanced.

[2023-10-12 09:08:24 #9 type] 
Type domain.Mezua is not enhanced.

[2023-10-12 09:08:24 #10 type] 
Type domain.Mugimendua is not enhanced.

[2023-10-12 09:08:24 #11 type] 
Type domain.Admin is not enhanced.

[2023-10-12 09:08:24 #12 type] 
Type domain.Editorea is not enhanced.

------------------------------------------------------------------------------------------------------------------------

[2023-10-12 09:09:17 #1 store] 
Database 'C:\Users\iaram\git\SI-\src\main\resources\bets.temp' has been recovered (tr. 824-930)

[2023-10-12 09:09:17 #2 store] 
Database 'C:\Users\iaram\git\SI-\src\main\resources\bets.temp' is opened by 26920@LAPTOP-QG7DD9CE

[2023-10-12 09:09:17 #3 type] 
Type domain.Aukera is not enhanced.

[2023-10-12 09:09:17 #4 type] 
Type domain.Apustua is not enhanced.

[2023-10-12 09:09:17 #5 type] 
Type domain.Question is not enhanced.

[2023-10-12 09:09:17 #6 type] 
Type domain.Event is not enhanced.

[2023-10-12 09:09:17 #7 type] 
Type domain.User is not enhanced.

[2023-10-12 09:09:17 #8 type] 
Type domain.Erregistratua is not enhanced.

[2023-10-12 09:09:17 #9 type] 
Type domain.Mezua is not enhanced.

[2023-10-12 09:09:17 #10 type] 
Type domain.Mugimendua is not enhanced.

[2023-10-12 09:09:17 #11 type] 
Type domain.Admin is not enhanced.

[2023-10-12 09:09:17 #12 type] 
Type domain.Editorea is not enhanced.

------------------------------------------------------------------------------------------------------------------------

[2023-10-12 11:47:12 #1 store] 
Database 'C:\Users\iaram\git\SI-\src\main\resources\bets.temp' has been recovered (tr. 931-1037)

[2023-10-12 11:47:12 #2 store] 
Database 'C:\Users\iaram\git\SI-\src\main\resources\bets.temp' is opened by 16188@LAPTOP-QG7DD9CE

[2023-10-12 11:47:12 #3 type] 
Type domain.Aukera is not enhanced.

[2023-10-12 11:47:12 #4 type] 
Type domain.Apustua is not enhanced.

[2023-10-12 11:47:12 #5 type] 
Type domain.Question is not enhanced.

[2023-10-12 11:47:12 #6 type] 
Type domain.Event is not enhanced.

[2023-10-12 11:47:12 #7 type] 
Type domain.User is not enhanced.

[2023-10-12 11:47:12 #8 type] 
Type domain.Erregistratua is not enhanced.

[2023-10-12 11:47:12 #9 type] 
Type domain.Mezua is not enhanced.

[2023-10-12 11:47:12 #10 type] 
Type domain.Mugimendua is not enhanced.

[2023-10-12 11:47:12 #11 type] 
Type domain.Admin is not enhanced.

[2023-10-12 11:47:12 #12 type] 
Type domain.Editorea is not enhanced.

