------------------------------------------------------------------------------------------------------------------------

[2023-10-11 10:31:14 #1 store] 
Database 'C:\Users\larbu\git\SI-Bets\src\main\resources\bets.temp' has been recovered (tr. 950-968)

[2023-10-11 10:31:14 #2 store] 
Database 'C:\Users\larbu\git\SI-Bets\src\main\resources\bets.temp' is opened by 3592@LAPTOP-6EQJO4RK

[2023-10-11 10:31:14 #3 type] 
Type domain.Event is not enhanced.

[2023-10-11 10:31:14 #4 type] 
Type domain.Question is not enhanced.

[2023-10-11 10:31:14 #5 type] 
Type domain.Aukera is not enhanced.

[2023-10-11 10:31:14 #6 type] 
Type domain.Apustua is not enhanced.

[2023-10-11 10:31:14 #7 type] 
Type domain.User is not enhanced.

[2023-10-11 10:31:14 #8 type] 
Type domain.Erregistratua is not enhanced.

[2023-10-11 10:31:14 #9 type] 
Type domain.Mezua is not enhanced.

[2023-10-11 10:31:14 #10 type] 
Type domain.Mugimendua is not enhanced.

[2023-10-11 10:31:14 #11 type] 
Type domain.Admin is not enhanced.

[2023-10-11 10:31:14 #12 type] 
Type domain.Editorea is not enhanced.

------------------------------------------------------------------------------------------------------------------------

[2023-10-11 10:31:35 #1 store] 
Database 'C:\Users\larbu\git\SI-Bets\src\main\resources\bets.temp' has been recovered (tr. 969-970)

[2023-10-11 10:31:35 #2 store] 
Database 'C:\Users\larbu\git\SI-Bets\src\main\resources\bets.temp' is opened by 20068@LAPTOP-6EQJO4RK

[2023-10-11 10:31:35 #3 type] 
Type domain.Event is not enhanced.

[2023-10-11 10:31:35 #4 type] 
Type domain.Question is not enhanced.

[2023-10-11 10:31:35 #5 type] 
Type domain.Aukera is not enhanced.

[2023-10-11 10:31:35 #6 type] 
Type domain.Apustua is not enhanced.

[2023-10-11 10:31:35 #7 type] 
Type domain.User is not enhanced.

[2023-10-11 10:31:35 #8 type] 
Type domain.Erregistratua is not enhanced.

[2023-10-11 10:31:35 #9 type] 
Type domain.Mezua is not enhanced.

[2023-10-11 10:31:35 #10 type] 
Type domain.Mugimendua is not enhanced.

[2023-10-11 10:31:35 #11 type] 
Type domain.Admin is not enhanced.

[2023-10-11 10:31:35 #12 type] 
Type domain.Editorea is not enhanced.

------------------------------------------------------------------------------------------------------------------------

[2023-10-11 10:44:08 #1 store] 
Database 'C:\Users\larbu\git\SI-Bets\src\main\resources\bets.temp' has been recovered (tr. 971-972)

[2023-10-11 10:44:08 #2 store] 
Database 'C:\Users\larbu\git\SI-Bets\src\main\resources\bets.temp' is opened by 12584@LAPTOP-6EQJO4RK

[2023-10-11 10:44:08 #3 type] 
Type domain.Event is not enhanced.

[2023-10-11 10:44:08 #4 type] 
Type domain.Question is not enhanced.

[2023-10-11 10:44:08 #5 type] 
Type domain.Aukera is not enhanced.

[2023-10-11 10:44:08 #6 type] 
Type domain.Apustua is not enhanced.

[2023-10-11 10:44:08 #7 type] 
Type domain.User is not enhanced.

[2023-10-11 10:44:08 #8 type] 
Type domain.Erregistratua is not enhanced.

[2023-10-11 10:44:08 #9 type] 
Type domain.Mezua is not enhanced.

[2023-10-11 10:44:08 #10 type] 
Type domain.Mugimendua is not enhanced.

[2023-10-11 10:44:08 #11 type] 
Type domain.Admin is not enhanced.

[2023-10-11 10:44:08 #12 type] 
Type domain.Editorea is not enhanced.

------------------------------------------------------------------------------------------------------------------------

[2023-10-11 10:44:37 #1 store] 
Database 'C:\Users\larbu\git\SI-Bets\src\main\resources\bets.temp' has been recovered (tr. 973-975)

[2023-10-11 10:44:37 #2 store] 
Database 'C:\Users\larbu\git\SI-Bets\src\main\resources\bets.temp' is opened by 28696@LAPTOP-6EQJO4RK

[2023-10-11 10:44:37 #3 type] 
Type domain.Event is not enhanced.

[2023-10-11 10:44:37 #4 type] 
Type domain.Question is not enhanced.

[2023-10-11 10:44:37 #5 type] 
Type domain.Aukera is not enhanced.

[2023-10-11 10:44:37 #6 type] 
Type domain.Apustua is not enhanced.

[2023-10-11 10:44:37 #7 type] 
Type domain.User is not enhanced.

[2023-10-11 10:44:37 #8 type] 
Type domain.Erregistratua is not enhanced.

[2023-10-11 10:44:37 #9 type] 
Type domain.Mezua is not enhanced.

[2023-10-11 10:44:37 #10 type] 
Type domain.Mugimendua is not enhanced.

[2023-10-11 10:44:37 #11 type] 
Type domain.Admin is not enhanced.

[2023-10-11 10:44:37 #12 type] 
Type domain.Editorea is not enhanced.

------------------------------------------------------------------------------------------------------------------------

[2023-10-11 10:44:55 #1 store] 
Database 'C:\Users\larbu\git\SI-Bets\src\main\resources\bets.temp' has been recovered (tr. 976-979)

[2023-10-11 10:44:55 #2 store] 
Database 'C:\Users\larbu\git\SI-Bets\src\main\resources\bets.temp' is opened by 18944@LAPTOP-6EQJO4RK

[2023-10-11 10:44:55 #3 type] 
Type domain.Event is not enhanced.

[2023-10-11 10:44:55 #4 type] 
Type domain.Question is not enhanced.

[2023-10-11 10:44:55 #5 type] 
Type domain.Aukera is not enhanced.

[2023-10-11 10:44:55 #6 type] 
Type domain.Apustua is not enhanced.

[2023-10-11 10:44:55 #7 type] 
Type domain.User is not enhanced.

[2023-10-11 10:44:55 #8 type] 
Type domain.Erregistratua is not enhanced.

[2023-10-11 10:44:55 #9 type] 
Type domain.Mezua is not enhanced.

[2023-10-11 10:44:55 #10 type] 
Type domain.Mugimendua is not enhanced.

[2023-10-11 10:44:55 #11 type] 
Type domain.Admin is not enhanced.

[2023-10-11 10:44:55 #12 type] 
Type domain.Editorea is not enhanced.

------------------------------------------------------------------------------------------------------------------------

[2023-10-11 10:48:52 #1 store] 
Database 'C:\Users\larbu\git\SI-Bets\src\main\resources\bets.temp' has been recovered (tr. 980-983)

[2023-10-11 10:48:52 #2 store] 
Database 'C:\Users\larbu\git\SI-Bets\src\main\resources\bets.temp' is opened by 24348@LAPTOP-6EQJO4RK

[2023-10-11 10:48:52 #3 type] 
Type domain.Event is not enhanced.

[2023-10-11 10:48:52 #4 type] 
Type domain.Question is not enhanced.

[2023-10-11 10:48:52 #5 type] 
Type domain.Aukera is not enhanced.

[2023-10-11 10:48:52 #6 type] 
Type domain.Apustua is not enhanced.

[2023-10-11 10:48:52 #7 type] 
Type domain.User is not enhanced.

[2023-10-11 10:48:52 #8 type] 
Type domain.Erregistratua is not enhanced.

[2023-10-11 10:48:52 #9 type] 
Type domain.Mezua is not enhanced.

[2023-10-11 10:48:52 #10 type] 
Type domain.Mugimendua is not enhanced.

[2023-10-11 10:48:52 #11 type] 
Type domain.Admin is not enhanced.

[2023-10-11 10:48:52 #12 type] 
Type domain.Editorea is not enhanced.

------------------------------------------------------------------------------------------------------------------------

[2023-10-11 10:52:48 #1 store] 
Database 'C:\Users\larbu\git\SI-Bets\src\main\resources\bets.temp' has been recovered (tr. 984-989)

[2023-10-11 10:52:48 #2 store] 
Database 'C:\Users\larbu\git\SI-Bets\src\main\resources\bets.temp' is opened by 19132@LAPTOP-6EQJO4RK

[2023-10-11 10:52:48 #3 type] 
Type domain.Event is not enhanced.

[2023-10-11 10:52:48 #4 type] 
Type domain.Question is not enhanced.

[2023-10-11 10:52:48 #5 type] 
Type domain.Aukera is not enhanced.

[2023-10-11 10:52:48 #6 type] 
Type domain.Apustua is not enhanced.

[2023-10-11 10:52:48 #7 type] 
Type domain.User is not enhanced.

[2023-10-11 10:52:48 #8 type] 
Type domain.Erregistratua is not enhanced.

[2023-10-11 10:52:48 #9 type] 
Type domain.Mezua is not enhanced.

[2023-10-11 10:52:48 #10 type] 
Type domain.Mugimendua is not enhanced.

[2023-10-11 10:52:48 #11 type] 
Type domain.Admin is not enhanced.

[2023-10-11 10:52:48 #12 type] 
Type domain.Editorea is not enhanced.

------------------------------------------------------------------------------------------------------------------------

[2023-10-11 15:17:33 #1 store] 
Database 'C:\Users\iaram\git\SI-Be\src\main\resources\bets.temp' has been recovered (tr. 1183-1192)

[2023-10-11 15:17:33 #2 store] 
Database 'C:\Users\iaram\git\SI-Be\src\main\resources\bets.temp' is opened by 26752@LAPTOP-QG7DD9CE

[2023-10-11 15:17:33 #3 type] 
Type domain.Event is not enhanced.

[2023-10-11 15:17:33 #4 type] 
Type domain.Question is not enhanced.

[2023-10-11 15:17:33 #5 type] 
Type domain.Aukera is not enhanced.

[2023-10-11 15:17:33 #6 type] 
Type domain.Apustua is not enhanced.

[2023-10-11 15:17:33 #7 type] 
Type domain.User is not enhanced.

[2023-10-11 15:17:33 #8 type] 
Type domain.Erregistratua is not enhanced.

[2023-10-11 15:17:33 #9 type] 
Type domain.Mezua is not enhanced.

[2023-10-11 15:17:33 #10 type] 
Type domain.Mugimendua is not enhanced.

[2023-10-11 15:17:33 #11 type] 
Type domain.Admin is not enhanced.

[2023-10-11 15:17:33 #12 type] 
Type domain.Editorea is not enhanced.

------------------------------------------------------------------------------------------------------------------------

[2023-10-11 17:15:18 #1 store] 
Database 'C:\Users\larbu\git\SI-Bets\src\main\resources\bets.temp' has been recovered (tr. 1193-1276)

[2023-10-11 17:15:18 #2 store] 
Database 'C:\Users\larbu\git\SI-Bets\src\main\resources\bets.temp' is opened by 24708@LAPTOP-6EQJO4RK

[2023-10-11 17:15:18 #3 type] 
Type domain.Event is not enhanced.

[2023-10-11 17:15:18 #4 type] 
Type domain.Question is not enhanced.

[2023-10-11 17:15:18 #5 type] 
Type domain.Aukera is not enhanced.

[2023-10-11 17:15:18 #6 type] 
Type domain.Apustua is not enhanced.

[2023-10-11 17:15:18 #7 type] 
Type domain.User is not enhanced.

[2023-10-11 17:15:18 #8 type] 
Type domain.Erregistratua is not enhanced.

[2023-10-11 17:15:18 #9 type] 
Type domain.Mezua is not enhanced.

[2023-10-11 17:15:18 #10 type] 
Type domain.Mugimendua is not enhanced.

[2023-10-11 17:15:18 #11 type] 
Type domain.Admin is not enhanced.

[2023-10-11 17:15:18 #12 type] 
Type domain.Editorea is not enhanced.

------------------------------------------------------------------------------------------------------------------------

[2023-10-11 17:15:32 #1 store] 
Database 'C:\Users\larbu\git\SI-Bets\src\main\resources\bets.temp' has been recovered (tr. 1278-1284)

[2023-10-11 17:15:32 #2 store] 
Database 'C:\Users\larbu\git\SI-Bets\src\main\resources\bets.temp' is opened by 21104@LAPTOP-6EQJO4RK

[2023-10-11 17:15:32 #3 type] 
Type domain.Event is not enhanced.

[2023-10-11 17:15:32 #4 type] 
Type domain.Question is not enhanced.

[2023-10-11 17:15:32 #5 type] 
Type domain.Aukera is not enhanced.

[2023-10-11 17:15:32 #6 type] 
Type domain.Apustua is not enhanced.

[2023-10-11 17:15:32 #7 type] 
Type domain.User is not enhanced.

[2023-10-11 17:15:32 #8 type] 
Type domain.Erregistratua is not enhanced.

[2023-10-11 17:15:32 #9 type] 
Type domain.Mezua is not enhanced.

[2023-10-11 17:15:32 #10 type] 
Type domain.Mugimendua is not enhanced.

[2023-10-11 17:15:32 #11 type] 
Type domain.Admin is not enhanced.

[2023-10-11 17:15:32 #12 type] 
Type domain.Editorea is not enhanced.

------------------------------------------------------------------------------------------------------------------------

[2023-10-11 17:15:43 #1 store] 
Database 'C:\Users\larbu\git\SI-Bets\src\main\resources\bets.temp' has been recovered (tr. 1285-1295)

[2023-10-11 17:15:43 #2 store] 
Database 'C:\Users\larbu\git\SI-Bets\src\main\resources\bets.temp' is opened by 10280@LAPTOP-6EQJO4RK

[2023-10-11 17:15:43 #3 type] 
Type domain.Event is not enhanced.

[2023-10-11 17:15:43 #4 type] 
Type domain.Question is not enhanced.

[2023-10-11 17:15:43 #5 type] 
Type domain.Aukera is not enhanced.

[2023-10-11 17:15:43 #6 type] 
Type domain.Apustua is not enhanced.

[2023-10-11 17:15:43 #7 type] 
Type domain.User is not enhanced.

[2023-10-11 17:15:43 #8 type] 
Type domain.Erregistratua is not enhanced.

[2023-10-11 17:15:43 #9 type] 
Type domain.Mezua is not enhanced.

[2023-10-11 17:15:43 #10 type] 
Type domain.Mugimendua is not enhanced.

[2023-10-11 17:15:43 #11 type] 
Type domain.Admin is not enhanced.

[2023-10-11 17:15:43 #12 type] 
Type domain.Editorea is not enhanced.

------------------------------------------------------------------------------------------------------------------------

[2023-10-11 17:16:40 #1 store] 
Database 'C:\Users\larbu\git\SI-Bets\src\main\resources\bets.temp' has been recovered (tr. 1296-1308)

[2023-10-11 17:16:41 #2 store] 
Database 'C:\Users\larbu\git\SI-Bets\src\main\resources\bets.temp' is opened by 13748@LAPTOP-6EQJO4RK

[2023-10-11 17:16:41 #3 type] 
Type domain.Event is not enhanced.

[2023-10-11 17:16:41 #4 type] 
Type domain.Question is not enhanced.

[2023-10-11 17:16:41 #5 type] 
Type domain.Aukera is not enhanced.

[2023-10-11 17:16:41 #6 type] 
Type domain.Apustua is not enhanced.

[2023-10-11 17:16:41 #7 type] 
Type domain.User is not enhanced.

[2023-10-11 17:16:41 #8 type] 
Type domain.Erregistratua is not enhanced.

[2023-10-11 17:16:41 #9 type] 
Type domain.Mezua is not enhanced.

[2023-10-11 17:16:41 #10 type] 
Type domain.Mugimendua is not enhanced.

[2023-10-11 17:16:41 #11 type] 
Type domain.Admin is not enhanced.

[2023-10-11 17:16:41 #12 type] 
Type domain.Editorea is not enhanced.

------------------------------------------------------------------------------------------------------------------------

[2023-10-11 17:16:55 #1 store] 
Database 'C:\Users\larbu\git\SI-Bets\src\main\resources\bets.temp' has been recovered (tr. 1309-1321)

[2023-10-11 17:16:55 #2 store] 
Database 'C:\Users\larbu\git\SI-Bets\src\main\resources\bets.temp' is opened by 12036@LAPTOP-6EQJO4RK

[2023-10-11 17:16:55 #3 type] 
Type domain.Event is not enhanced.

[2023-10-11 17:16:55 #4 type] 
Type domain.Question is not enhanced.

[2023-10-11 17:16:55 #5 type] 
Type domain.Aukera is not enhanced.

[2023-10-11 17:16:55 #6 type] 
Type domain.Apustua is not enhanced.

[2023-10-11 17:16:55 #7 type] 
Type domain.User is not enhanced.

[2023-10-11 17:16:55 #8 type] 
Type domain.Erregistratua is not enhanced.

[2023-10-11 17:16:55 #9 type] 
Type domain.Mezua is not enhanced.

[2023-10-11 17:16:55 #10 type] 
Type domain.Mugimendua is not enhanced.

[2023-10-11 17:16:55 #11 type] 
Type domain.Admin is not enhanced.

[2023-10-11 17:16:55 #12 type] 
Type domain.Editorea is not enhanced.

------------------------------------------------------------------------------------------------------------------------

[2023-10-11 17:51:57 #1 store] 
Database 'C:\Users\larbu\git\SI-Bets\src\main\resources\bets.temp' is opened by 16316@LAPTOP-6EQJO4RK

[2023-10-11 17:51:57 #2 type.registry] 
New type domain.Aukera

[2023-10-11 17:51:57 #3 type] 
Type domain.Aukera is not enhanced.

[2023-10-11 17:51:57 #4 type.registry] 
New type domain.Apustua

[2023-10-11 17:51:57 #5 type.registry] 
New type java.util.Vector<domain.Apustua>

[2023-10-11 17:51:57 #6 type.registry] 
New type domain.Question

[2023-10-11 17:51:57 #7 type] 
Type domain.Apustua is not enhanced.

[2023-10-11 17:51:57 #8 type.registry] 
New type java.util.ArrayList<domain.Aukera>

[2023-10-11 17:51:57 #9 type] 
Type domain.Question is not enhanced.

[2023-10-11 17:51:57 #10 type.registry] 
New type java.util.Vector<domain.Aukera>

[2023-10-11 17:51:57 #11 type.registry] 
New type domain.Event

[2023-10-11 17:51:57 #12 type] 
Type domain.Event is not enhanced.

[2023-10-11 17:51:57 #13 type.registry] 
New type java.util.Vector<domain.Question>

[2023-10-11 17:51:57 #14 type.registry] 
New type domain.User

[2023-10-11 17:51:57 #15 type.registry] 
New type domain.Erregistratua

[2023-10-11 17:51:57 #16 type] 
Type domain.User is not enhanced.

[2023-10-11 17:51:57 #17 type] 
Type domain.Erregistratua is not enhanced.

[2023-10-11 17:51:57 #18 type.registry] 
New type domain.Mezua

[2023-10-11 17:51:57 #19 type.registry] 
New type java.util.ArrayList<domain.Mezua>

[2023-10-11 17:51:57 #20 type.registry] 
New type java.util.ArrayList<java.lang.String>

[2023-10-11 17:51:57 #21 type.registry] 
New type domain.Mugimendua

[2023-10-11 17:51:57 #22 type.registry] 
New type java.util.ArrayList<domain.Mugimendua>

[2023-10-11 17:51:57 #23 type] 
Type domain.Mezua is not enhanced.

[2023-10-11 17:51:57 #24 type] 
Type domain.Mugimendua is not enhanced.

[2023-10-11 17:51:57 #25 type.registry] 
New type domain.Admin

[2023-10-11 17:51:57 #26 type] 
Type domain.Admin is not enhanced.

[2023-10-11 17:51:57 #27 type.registry] 
New type domain.Editorea

[2023-10-11 17:51:57 #28 type] 
Type domain.Editorea is not enhanced.

[2023-10-11 17:51:57 #29 type.registry] 
New type java.util.Vector<java.lang.Object>

[2023-10-11 17:51:57 #30 type.registry] 
New type java.util.ArrayList<java.lang.Object>

------------------------------------------------------------------------------------------------------------------------

[2023-10-11 18:09:45 #1 store] 
Database 'C:\Users\larbu\git\SI-Bets\src\main\resources\bets.temp' has been recovered (tr. 1-9)

[2023-10-11 18:09:45 #2 store] 
Database 'C:\Users\larbu\git\SI-Bets\src\main\resources\bets.temp' is opened by 20692@LAPTOP-6EQJO4RK

[2023-10-11 18:09:45 #3 type] 
Type domain.Aukera is not enhanced.

[2023-10-11 18:09:45 #4 type] 
Type domain.Apustua is not enhanced.

[2023-10-11 18:09:45 #5 type] 
Type domain.Question is not enhanced.

[2023-10-11 18:09:45 #6 type] 
Type domain.Event is not enhanced.

[2023-10-11 18:09:45 #7 type] 
Type domain.User is not enhanced.

[2023-10-11 18:09:45 #8 type] 
Type domain.Erregistratua is not enhanced.

[2023-10-11 18:09:45 #9 type] 
Type domain.Mezua is not enhanced.

[2023-10-11 18:09:45 #10 type] 
Type domain.Mugimendua is not enhanced.

[2023-10-11 18:09:45 #11 type] 
Type domain.Admin is not enhanced.

[2023-10-11 18:09:45 #12 type] 
Type domain.Editorea is not enhanced.

------------------------------------------------------------------------------------------------------------------------

[2023-10-11 18:10:00 #1 store] 
Database 'C:\Users\larbu\git\SI-Bets\src\main\resources\bets.temp' has been recovered (tr. 11-16)

[2023-10-11 18:10:00 #2 store] 
Database 'C:\Users\larbu\git\SI-Bets\src\main\resources\bets.temp' is opened by 12044@LAPTOP-6EQJO4RK

[2023-10-11 18:10:00 #3 type] 
Type domain.Aukera is not enhanced.

[2023-10-11 18:10:00 #4 type] 
Type domain.Apustua is not enhanced.

[2023-10-11 18:10:00 #5 type] 
Type domain.Question is not enhanced.

[2023-10-11 18:10:00 #6 type] 
Type domain.Event is not enhanced.

[2023-10-11 18:10:00 #7 type] 
Type domain.User is not enhanced.

[2023-10-11 18:10:00 #8 type] 
Type domain.Erregistratua is not enhanced.

[2023-10-11 18:10:00 #9 type] 
Type domain.Mezua is not enhanced.

[2023-10-11 18:10:00 #10 type] 
Type domain.Mugimendua is not enhanced.

[2023-10-11 18:10:00 #11 type] 
Type domain.Admin is not enhanced.

[2023-10-11 18:10:00 #12 type] 
Type domain.Editorea is not enhanced.

------------------------------------------------------------------------------------------------------------------------

[2023-10-11 18:10:25 #1 store] 
Database 'C:\Users\larbu\git\SI-Bets\src\main\resources\bets.temp' has been recovered (tr. 17-24)

[2023-10-11 18:10:25 #2 store] 
Database 'C:\Users\larbu\git\SI-Bets\src\main\resources\bets.temp' is opened by 10992@LAPTOP-6EQJO4RK

[2023-10-11 18:10:25 #3 type] 
Type domain.Aukera is not enhanced.

[2023-10-11 18:10:25 #4 type] 
Type domain.Apustua is not enhanced.

[2023-10-11 18:10:25 #5 type] 
Type domain.Question is not enhanced.

[2023-10-11 18:10:25 #6 type] 
Type domain.Event is not enhanced.

[2023-10-11 18:10:25 #7 type] 
Type domain.User is not enhanced.

[2023-10-11 18:10:25 #8 type] 
Type domain.Erregistratua is not enhanced.

[2023-10-11 18:10:25 #9 type] 
Type domain.Mezua is not enhanced.

[2023-10-11 18:10:25 #10 type] 
Type domain.Mugimendua is not enhanced.

[2023-10-11 18:10:25 #11 type] 
Type domain.Admin is not enhanced.

[2023-10-11 18:10:25 #12 type] 
Type domain.Editorea is not enhanced.

------------------------------------------------------------------------------------------------------------------------

[2023-10-11 18:15:54 #1 store] 
Database 'C:\Users\larbu\git\SI-Bets\src\main\resources\bets.temp' has been recovered (tr. 25-26)

[2023-10-11 18:15:55 #2 store] 
Database 'C:\Users\larbu\git\SI-Bets\src\main\resources\bets.temp' is opened by 6324@LAPTOP-6EQJO4RK

[2023-10-11 18:15:55 #3 type] 
Type domain.Aukera is not enhanced.

[2023-10-11 18:15:55 #4 type] 
Type domain.Apustua is not enhanced.

[2023-10-11 18:15:55 #5 type] 
Type domain.Question is not enhanced.

[2023-10-11 18:15:55 #6 type] 
Type domain.Event is not enhanced.

[2023-10-11 18:15:55 #7 type] 
Type domain.User is not enhanced.

[2023-10-11 18:15:55 #8 type] 
Type domain.Erregistratua is not enhanced.

[2023-10-11 18:15:55 #9 type] 
Type domain.Mezua is not enhanced.

[2023-10-11 18:15:55 #10 type] 
Type domain.Mugimendua is not enhanced.

[2023-10-11 18:15:55 #11 type] 
Type domain.Admin is not enhanced.

[2023-10-11 18:15:55 #12 type] 
Type domain.Editorea is not enhanced.

------------------------------------------------------------------------------------------------------------------------

[2023-10-11 18:16:27 #1 store] 
Database 'C:\Users\larbu\git\SI-Bets\src\main\resources\bets.temp' has been recovered (tr. 27-34)

[2023-10-11 18:16:27 #2 store] 
Database 'C:\Users\larbu\git\SI-Bets\src\main\resources\bets.temp' is opened by 8708@LAPTOP-6EQJO4RK

[2023-10-11 18:16:27 #3 type] 
Type domain.Aukera is not enhanced.

[2023-10-11 18:16:27 #4 type] 
Type domain.Apustua is not enhanced.

[2023-10-11 18:16:27 #5 type] 
Type domain.Question is not enhanced.

[2023-10-11 18:16:27 #6 type] 
Type domain.Event is not enhanced.

[2023-10-11 18:16:27 #7 type] 
Type domain.User is not enhanced.

[2023-10-11 18:16:27 #8 type] 
Type domain.Erregistratua is not enhanced.

[2023-10-11 18:16:27 #9 type] 
Type domain.Mezua is not enhanced.

[2023-10-11 18:16:27 #10 type] 
Type domain.Mugimendua is not enhanced.

[2023-10-11 18:16:27 #11 type] 
Type domain.Admin is not enhanced.

[2023-10-11 18:16:27 #12 type] 
Type domain.Editorea is not enhanced.

------------------------------------------------------------------------------------------------------------------------

[2023-10-11 18:17:14 #1 store] 
Database 'C:\Users\larbu\git\SI-Bets\src\main\resources\bets.temp' has been recovered (tr. 35-42)

[2023-10-11 18:17:14 #2 store] 
Database 'C:\Users\larbu\git\SI-Bets\src\main\resources\bets.temp' is opened by 13408@LAPTOP-6EQJO4RK

[2023-10-11 18:17:14 #3 type] 
Type domain.Aukera is not enhanced.

[2023-10-11 18:17:14 #4 type] 
Type domain.Apustua is not enhanced.

[2023-10-11 18:17:14 #5 type] 
Type domain.Question is not enhanced.

[2023-10-11 18:17:14 #6 type] 
Type domain.Event is not enhanced.

[2023-10-11 18:17:14 #7 type] 
Type domain.User is not enhanced.

[2023-10-11 18:17:14 #8 type] 
Type domain.Erregistratua is not enhanced.

[2023-10-11 18:17:14 #9 type] 
Type domain.Mezua is not enhanced.

[2023-10-11 18:17:14 #10 type] 
Type domain.Mugimendua is not enhanced.

[2023-10-11 18:17:14 #11 type] 
Type domain.Admin is not enhanced.

[2023-10-11 18:17:14 #12 type] 
Type domain.Editorea is not enhanced.

------------------------------------------------------------------------------------------------------------------------

[2023-10-11 18:18:35 #1 store] 
Database 'C:\Users\larbu\git\SI-Bets\src\main\resources\bets.temp' has been recovered (tr. 43-45)

[2023-10-11 18:18:35 #2 store] 
Database 'C:\Users\larbu\git\SI-Bets\src\main\resources\bets.temp' is opened by 21872@LAPTOP-6EQJO4RK

[2023-10-11 18:18:36 #3 type] 
Type domain.Aukera is not enhanced.

[2023-10-11 18:18:36 #4 type] 
Type domain.Apustua is not enhanced.

[2023-10-11 18:18:36 #5 type] 
Type domain.Question is not enhanced.

[2023-10-11 18:18:36 #6 type] 
Type domain.Event is not enhanced.

[2023-10-11 18:18:36 #7 type] 
Type domain.User is not enhanced.

[2023-10-11 18:18:36 #8 type] 
Type domain.Erregistratua is not enhanced.

[2023-10-11 18:18:36 #9 type] 
Type domain.Mezua is not enhanced.

[2023-10-11 18:18:36 #10 type] 
Type domain.Mugimendua is not enhanced.

[2023-10-11 18:18:36 #11 type] 
Type domain.Admin is not enhanced.

[2023-10-11 18:18:36 #12 type] 
Type domain.Editorea is not enhanced.

------------------------------------------------------------------------------------------------------------------------

[2023-10-11 18:18:56 #1 store] 
Database 'C:\Users\larbu\git\SI-Bets\src\main\resources\bets.temp' has been recovered (tr. 47-49)

[2023-10-11 18:18:56 #2 store] 
Database 'C:\Users\larbu\git\SI-Bets\src\main\resources\bets.temp' is opened by 6800@LAPTOP-6EQJO4RK

[2023-10-11 18:18:56 #3 type] 
Type domain.Aukera is not enhanced.

[2023-10-11 18:18:56 #4 type] 
Type domain.Apustua is not enhanced.

[2023-10-11 18:18:56 #5 type] 
Type domain.Question is not enhanced.

[2023-10-11 18:18:56 #6 type] 
Type domain.Event is not enhanced.

[2023-10-11 18:18:56 #7 type] 
Type domain.User is not enhanced.

[2023-10-11 18:18:56 #8 type] 
Type domain.Erregistratua is not enhanced.

[2023-10-11 18:18:56 #9 type] 
Type domain.Mezua is not enhanced.

[2023-10-11 18:18:56 #10 type] 
Type domain.Mugimendua is not enhanced.

[2023-10-11 18:18:56 #11 type] 
Type domain.Admin is not enhanced.

[2023-10-11 18:18:56 #12 type] 
Type domain.Editorea is not enhanced.

------------------------------------------------------------------------------------------------------------------------

[2023-10-11 18:22:16 #1 store] 
Database 'C:\Users\larbu\git\SI-Bets\src\main\resources\bets.temp' has been recovered (tr. 50-55)

[2023-10-11 18:22:16 #2 store] 
Database 'C:\Users\larbu\git\SI-Bets\src\main\resources\bets.temp' is opened by 28780@LAPTOP-6EQJO4RK

[2023-10-11 18:22:16 #3 type] 
Type domain.Aukera is not enhanced.

[2023-10-11 18:22:16 #4 type] 
Type domain.Apustua is not enhanced.

[2023-10-11 18:22:16 #5 type] 
Type domain.Question is not enhanced.

[2023-10-11 18:22:16 #6 type] 
Type domain.Event is not enhanced.

[2023-10-11 18:22:16 #7 type] 
Type domain.User is not enhanced.

[2023-10-11 18:22:16 #8 type] 
Type domain.Erregistratua is not enhanced.

[2023-10-11 18:22:16 #9 type] 
Type domain.Mezua is not enhanced.

[2023-10-11 18:22:16 #10 type] 
Type domain.Mugimendua is not enhanced.

[2023-10-11 18:22:16 #11 type] 
Type domain.Admin is not enhanced.

[2023-10-11 18:22:16 #12 type] 
Type domain.Editorea is not enhanced.

