------------------------------------------------------------------------------------------------------------------------

[2023-10-08 09:52:22 #1 store] 
Database 'C:\Users\larbu\git\SI-Bets\src\main\resources\bets.temp' has been recovered (tr. 188-198)

[2023-10-08 09:52:22 #2 store] 
Database 'C:\Users\larbu\git\SI-Bets\src\main\resources\bets.temp' is opened by 9124@LAPTOP-6EQJO4RK

[2023-10-08 09:52:22 #3 type] 
Type domain.Event is not enhanced.

[2023-10-08 09:52:22 #4 type] 
Type domain.Question is not enhanced.

[2023-10-08 09:52:22 #5 type] 
Type domain.Aukera is not enhanced.

[2023-10-08 09:52:22 #6 type] 
Type domain.Apustua is not enhanced.

[2023-10-08 09:52:22 #7 type] 
Type domain.User is not enhanced.

[2023-10-08 09:52:22 #8 type] 
Type domain.Erregistratua is not enhanced.

[2023-10-08 09:52:22 #9 type] 
Type domain.Mezua is not enhanced.

[2023-10-08 09:52:22 #10 type] 
Type domain.Mugimendua is not enhanced.

[2023-10-08 09:52:22 #11 type] 
Type domain.Admin is not enhanced.

[2023-10-08 09:52:22 #12 type] 
Type domain.Editorea is not enhanced.

------------------------------------------------------------------------------------------------------------------------

[2023-10-08 09:57:11 #1 store] 
Database 'C:\Users\larbu\git\SI-Bets\src\main\resources\bets.temp' has been recovered (tr. 200-202)

[2023-10-08 09:57:11 #2 store] 
Database 'C:\Users\larbu\git\SI-Bets\src\main\resources\bets.temp' is opened by 2028@LAPTOP-6EQJO4RK

[2023-10-08 09:57:11 #3 type] 
Type domain.Event is not enhanced.

[2023-10-08 09:57:11 #4 type] 
Type domain.Question is not enhanced.

[2023-10-08 09:57:11 #5 type] 
Type domain.Aukera is not enhanced.

[2023-10-08 09:57:11 #6 type] 
Type domain.Apustua is not enhanced.

[2023-10-08 09:57:11 #7 type] 
Type domain.User is not enhanced.

[2023-10-08 09:57:11 #8 type] 
Type domain.Erregistratua is not enhanced.

[2023-10-08 09:57:11 #9 type] 
Type domain.Mezua is not enhanced.

[2023-10-08 09:57:11 #10 type] 
Type domain.Mugimendua is not enhanced.

[2023-10-08 09:57:11 #11 type] 
Type domain.Admin is not enhanced.

[2023-10-08 09:57:11 #12 type] 
Type domain.Editorea is not enhanced.

------------------------------------------------------------------------------------------------------------------------

[2023-10-08 09:58:02 #1 store] 
Database 'C:\Users\larbu\git\SI-Bets\src\main\resources\bets.temp' has been recovered (tr. 203-206)

[2023-10-08 09:58:02 #2 store] 
Database 'C:\Users\larbu\git\SI-Bets\src\main\resources\bets.temp' is opened by 26752@LAPTOP-6EQJO4RK

[2023-10-08 09:58:02 #3 type] 
Type domain.Event is not enhanced.

[2023-10-08 09:58:02 #4 type] 
Type domain.Question is not enhanced.

[2023-10-08 09:58:02 #5 type] 
Type domain.Aukera is not enhanced.

[2023-10-08 09:58:02 #6 type] 
Type domain.Apustua is not enhanced.

[2023-10-08 09:58:02 #7 type] 
Type domain.User is not enhanced.

[2023-10-08 09:58:02 #8 type] 
Type domain.Erregistratua is not enhanced.

[2023-10-08 09:58:02 #9 type] 
Type domain.Mezua is not enhanced.

[2023-10-08 09:58:02 #10 type] 
Type domain.Mugimendua is not enhanced.

[2023-10-08 09:58:02 #11 type] 
Type domain.Admin is not enhanced.

[2023-10-08 09:58:02 #12 type] 
Type domain.Editorea is not enhanced.

------------------------------------------------------------------------------------------------------------------------

[2023-10-08 09:59:53 #1 store] 
Database 'C:\Users\larbu\git\SI-Bets\src\main\resources\bets.temp' has been recovered (tr. 207-208)

[2023-10-08 09:59:54 #2 store] 
Database 'C:\Users\larbu\git\SI-Bets\src\main\resources\bets.temp' is opened by 16220@LAPTOP-6EQJO4RK

[2023-10-08 09:59:54 #3 type] 
Type domain.Event is not enhanced.

[2023-10-08 09:59:54 #4 type] 
Type domain.Question is not enhanced.

[2023-10-08 09:59:54 #5 type] 
Type domain.Aukera is not enhanced.

[2023-10-08 09:59:54 #6 type] 
Type domain.Apustua is not enhanced.

[2023-10-08 09:59:54 #7 type] 
Type domain.User is not enhanced.

[2023-10-08 09:59:54 #8 type] 
Type domain.Erregistratua is not enhanced.

[2023-10-08 09:59:54 #9 type] 
Type domain.Mezua is not enhanced.

[2023-10-08 09:59:54 #10 type] 
Type domain.Mugimendua is not enhanced.

[2023-10-08 09:59:54 #11 type] 
Type domain.Admin is not enhanced.

[2023-10-08 09:59:54 #12 type] 
Type domain.Editorea is not enhanced.

------------------------------------------------------------------------------------------------------------------------

[2023-10-08 10:00:21 #1 store] 
Database 'C:\Users\larbu\git\SI-Bets\src\main\resources\bets.temp' has been recovered (tr. 209-212)

[2023-10-08 10:00:21 #2 store] 
Database 'C:\Users\larbu\git\SI-Bets\src\main\resources\bets.temp' is opened by 29140@LAPTOP-6EQJO4RK

[2023-10-08 10:00:21 #3 type] 
Type domain.Event is not enhanced.

[2023-10-08 10:00:21 #4 type] 
Type domain.Question is not enhanced.

[2023-10-08 10:00:21 #5 type] 
Type domain.Aukera is not enhanced.

[2023-10-08 10:00:21 #6 type] 
Type domain.Apustua is not enhanced.

[2023-10-08 10:00:21 #7 type] 
Type domain.User is not enhanced.

[2023-10-08 10:00:21 #8 type] 
Type domain.Erregistratua is not enhanced.

[2023-10-08 10:00:21 #9 type] 
Type domain.Mezua is not enhanced.

[2023-10-08 10:00:21 #10 type] 
Type domain.Mugimendua is not enhanced.

[2023-10-08 10:00:21 #11 type] 
Type domain.Admin is not enhanced.

[2023-10-08 10:00:21 #12 type] 
Type domain.Editorea is not enhanced.

------------------------------------------------------------------------------------------------------------------------

[2023-10-08 10:01:08 #1 store] 
Database 'C:\Users\larbu\git\SI-Bets\src\main\resources\bets.temp' has been recovered (tr. 213-214)

[2023-10-08 10:01:08 #2 store] 
Database 'C:\Users\larbu\git\SI-Bets\src\main\resources\bets.temp' is opened by 23812@LAPTOP-6EQJO4RK

[2023-10-08 10:01:08 #3 type] 
Type domain.Event is not enhanced.

[2023-10-08 10:01:08 #4 type] 
Type domain.Question is not enhanced.

[2023-10-08 10:01:08 #5 type] 
Type domain.Aukera is not enhanced.

[2023-10-08 10:01:08 #6 type] 
Type domain.Apustua is not enhanced.

[2023-10-08 10:01:08 #7 type] 
Type domain.User is not enhanced.

[2023-10-08 10:01:08 #8 type] 
Type domain.Erregistratua is not enhanced.

[2023-10-08 10:01:08 #9 type] 
Type domain.Mezua is not enhanced.

[2023-10-08 10:01:08 #10 type] 
Type domain.Mugimendua is not enhanced.

[2023-10-08 10:01:08 #11 type] 
Type domain.Admin is not enhanced.

[2023-10-08 10:01:08 #12 type] 
Type domain.Editorea is not enhanced.

------------------------------------------------------------------------------------------------------------------------

[2023-10-08 10:01:52 #1 store] 
Database 'C:\Users\larbu\git\SI-Bets\src\main\resources\bets.temp' has been recovered (tr. 215-216)

[2023-10-08 10:01:52 #2 store] 
Database 'C:\Users\larbu\git\SI-Bets\src\main\resources\bets.temp' is opened by 3476@LAPTOP-6EQJO4RK

[2023-10-08 10:01:52 #3 type] 
Type domain.Event is not enhanced.

[2023-10-08 10:01:52 #4 type] 
Type domain.Question is not enhanced.

[2023-10-08 10:01:52 #5 type] 
Type domain.Aukera is not enhanced.

[2023-10-08 10:01:52 #6 type] 
Type domain.Apustua is not enhanced.

[2023-10-08 10:01:52 #7 type] 
Type domain.User is not enhanced.

[2023-10-08 10:01:52 #8 type] 
Type domain.Erregistratua is not enhanced.

[2023-10-08 10:01:52 #9 type] 
Type domain.Mezua is not enhanced.

[2023-10-08 10:01:52 #10 type] 
Type domain.Mugimendua is not enhanced.

[2023-10-08 10:01:52 #11 type] 
Type domain.Admin is not enhanced.

[2023-10-08 10:01:52 #12 type] 
Type domain.Editorea is not enhanced.

------------------------------------------------------------------------------------------------------------------------

[2023-10-08 10:02:36 #1 store] 
Database 'C:\Users\larbu\git\SI-Bets\src\main\resources\bets.temp' has been recovered (tr. 217-218)

[2023-10-08 10:02:36 #2 store] 
Database 'C:\Users\larbu\git\SI-Bets\src\main\resources\bets.temp' is opened by 26040@LAPTOP-6EQJO4RK

[2023-10-08 10:02:36 #3 type] 
Type domain.Event is not enhanced.

[2023-10-08 10:02:36 #4 type] 
Type domain.Question is not enhanced.

[2023-10-08 10:02:36 #5 type] 
Type domain.Aukera is not enhanced.

[2023-10-08 10:02:36 #6 type] 
Type domain.Apustua is not enhanced.

[2023-10-08 10:02:36 #7 type] 
Type domain.User is not enhanced.

[2023-10-08 10:02:36 #8 type] 
Type domain.Erregistratua is not enhanced.

[2023-10-08 10:02:36 #9 type] 
Type domain.Mezua is not enhanced.

[2023-10-08 10:02:36 #10 type] 
Type domain.Mugimendua is not enhanced.

[2023-10-08 10:02:36 #11 type] 
Type domain.Admin is not enhanced.

[2023-10-08 10:02:36 #12 type] 
Type domain.Editorea is not enhanced.

------------------------------------------------------------------------------------------------------------------------

[2023-10-08 10:02:48 #1 store] 
Database 'C:\Users\larbu\git\SI-Bets\src\main\resources\bets.temp' has been recovered (tr. 219-223)

[2023-10-08 10:02:48 #2 store] 
Database 'C:\Users\larbu\git\SI-Bets\src\main\resources\bets.temp' is opened by 3784@LAPTOP-6EQJO4RK

[2023-10-08 10:02:48 #3 type] 
Type domain.Event is not enhanced.

[2023-10-08 10:02:48 #4 type] 
Type domain.Question is not enhanced.

[2023-10-08 10:02:48 #5 type] 
Type domain.Aukera is not enhanced.

[2023-10-08 10:02:48 #6 type] 
Type domain.Apustua is not enhanced.

[2023-10-08 10:02:48 #7 type] 
Type domain.User is not enhanced.

[2023-10-08 10:02:48 #8 type] 
Type domain.Erregistratua is not enhanced.

[2023-10-08 10:02:48 #9 type] 
Type domain.Mezua is not enhanced.

[2023-10-08 10:02:48 #10 type] 
Type domain.Mugimendua is not enhanced.

[2023-10-08 10:02:48 #11 type] 
Type domain.Admin is not enhanced.

[2023-10-08 10:02:48 #12 type] 
Type domain.Editorea is not enhanced.

------------------------------------------------------------------------------------------------------------------------

[2023-10-08 10:10:09 #1 store] 
Database 'C:\Users\larbu\git\SI-Bets\src\main\resources\bets.temp' has been recovered (tr. 224-228)

[2023-10-08 10:10:09 #2 store] 
Database 'C:\Users\larbu\git\SI-Bets\src\main\resources\bets.temp' is opened by 11248@LAPTOP-6EQJO4RK

[2023-10-08 10:10:09 #3 type] 
Type domain.Event is not enhanced.

[2023-10-08 10:10:09 #4 type] 
Type domain.Question is not enhanced.

[2023-10-08 10:10:09 #5 type] 
Type domain.Aukera is not enhanced.

[2023-10-08 10:10:09 #6 type] 
Type domain.Apustua is not enhanced.

[2023-10-08 10:10:09 #7 type] 
Type domain.User is not enhanced.

[2023-10-08 10:10:09 #8 type] 
Type domain.Erregistratua is not enhanced.

[2023-10-08 10:10:09 #9 type] 
Type domain.Mezua is not enhanced.

[2023-10-08 10:10:09 #10 type] 
Type domain.Mugimendua is not enhanced.

[2023-10-08 10:10:09 #11 type] 
Type domain.Admin is not enhanced.

[2023-10-08 10:10:09 #12 type] 
Type domain.Editorea is not enhanced.

------------------------------------------------------------------------------------------------------------------------

[2023-10-08 10:13:39 #1 store] 
Database 'C:\Users\larbu\git\SI-Bets\src\main\resources\bets.temp' has been recovered (tr. 229-236)

[2023-10-08 10:13:39 #2 store] 
Database 'C:\Users\larbu\git\SI-Bets\src\main\resources\bets.temp' is opened by 11004@LAPTOP-6EQJO4RK

[2023-10-08 10:13:39 #3 type] 
Type domain.Event is not enhanced.

[2023-10-08 10:13:39 #4 type] 
Type domain.Question is not enhanced.

[2023-10-08 10:13:39 #5 type] 
Type domain.Aukera is not enhanced.

[2023-10-08 10:13:39 #6 type] 
Type domain.Apustua is not enhanced.

[2023-10-08 10:13:39 #7 type] 
Type domain.User is not enhanced.

[2023-10-08 10:13:39 #8 type] 
Type domain.Erregistratua is not enhanced.

[2023-10-08 10:13:39 #9 type] 
Type domain.Mezua is not enhanced.

[2023-10-08 10:13:39 #10 type] 
Type domain.Mugimendua is not enhanced.

[2023-10-08 10:13:39 #11 type] 
Type domain.Admin is not enhanced.

[2023-10-08 10:13:39 #12 type] 
Type domain.Editorea is not enhanced.

------------------------------------------------------------------------------------------------------------------------

[2023-10-08 10:17:15 #1 store] 
Database 'C:\Users\larbu\git\SI-Bets\src\main\resources\bets.temp' has been recovered (tr. 237-244)

[2023-10-08 10:17:15 #2 store] 
Database 'C:\Users\larbu\git\SI-Bets\src\main\resources\bets.temp' is opened by 17372@LAPTOP-6EQJO4RK

[2023-10-08 10:17:15 #3 type] 
Type domain.Event is not enhanced.

[2023-10-08 10:17:15 #4 type] 
Type domain.Question is not enhanced.

[2023-10-08 10:17:15 #5 type] 
Type domain.Aukera is not enhanced.

[2023-10-08 10:17:15 #6 type] 
Type domain.Apustua is not enhanced.

[2023-10-08 10:17:15 #7 type] 
Type domain.User is not enhanced.

[2023-10-08 10:17:15 #8 type] 
Type domain.Erregistratua is not enhanced.

[2023-10-08 10:17:15 #9 type] 
Type domain.Mezua is not enhanced.

[2023-10-08 10:17:15 #10 type] 
Type domain.Mugimendua is not enhanced.

[2023-10-08 10:17:15 #11 type] 
Type domain.Admin is not enhanced.

[2023-10-08 10:17:15 #12 type] 
Type domain.Editorea is not enhanced.

------------------------------------------------------------------------------------------------------------------------

[2023-10-08 10:18:27 #1 store] 
Database 'C:\Users\larbu\git\SI-Bets\src\main\resources\bets.temp' has been recovered (tr. 245-252)

[2023-10-08 10:18:27 #2 store] 
Database 'C:\Users\larbu\git\SI-Bets\src\main\resources\bets.temp' is opened by 11316@LAPTOP-6EQJO4RK

[2023-10-08 10:18:27 #3 type] 
Type domain.Event is not enhanced.

[2023-10-08 10:18:27 #4 type] 
Type domain.Question is not enhanced.

[2023-10-08 10:18:27 #5 type] 
Type domain.Aukera is not enhanced.

[2023-10-08 10:18:27 #6 type] 
Type domain.Apustua is not enhanced.

[2023-10-08 10:18:27 #7 type] 
Type domain.User is not enhanced.

[2023-10-08 10:18:27 #8 type] 
Type domain.Erregistratua is not enhanced.

[2023-10-08 10:18:27 #9 type] 
Type domain.Mezua is not enhanced.

[2023-10-08 10:18:27 #10 type] 
Type domain.Mugimendua is not enhanced.

[2023-10-08 10:18:27 #11 type] 
Type domain.Admin is not enhanced.

[2023-10-08 10:18:27 #12 type] 
Type domain.Editorea is not enhanced.

------------------------------------------------------------------------------------------------------------------------

[2023-10-08 10:18:46 #1 store] 
Database 'C:\Users\larbu\git\SI-Bets\src\main\resources\bets.temp' has been recovered (tr. 253-260)

[2023-10-08 10:18:46 #2 store] 
Database 'C:\Users\larbu\git\SI-Bets\src\main\resources\bets.temp' is opened by 8480@LAPTOP-6EQJO4RK

[2023-10-08 10:18:46 #3 type] 
Type domain.Event is not enhanced.

[2023-10-08 10:18:46 #4 type] 
Type domain.Question is not enhanced.

[2023-10-08 10:18:46 #5 type] 
Type domain.Aukera is not enhanced.

[2023-10-08 10:18:46 #6 type] 
Type domain.Apustua is not enhanced.

[2023-10-08 10:18:46 #7 type] 
Type domain.User is not enhanced.

[2023-10-08 10:18:46 #8 type] 
Type domain.Erregistratua is not enhanced.

[2023-10-08 10:18:46 #9 type] 
Type domain.Mezua is not enhanced.

[2023-10-08 10:18:46 #10 type] 
Type domain.Mugimendua is not enhanced.

[2023-10-08 10:18:46 #11 type] 
Type domain.Admin is not enhanced.

[2023-10-08 10:18:46 #12 type] 
Type domain.Editorea is not enhanced.

------------------------------------------------------------------------------------------------------------------------

[2023-10-08 10:19:03 #1 store] 
Database 'C:\Users\larbu\git\SI-Bets\src\main\resources\bets.temp' has been recovered (tr. 261-268)

[2023-10-08 10:19:03 #2 store] 
Database 'C:\Users\larbu\git\SI-Bets\src\main\resources\bets.temp' is opened by 23328@LAPTOP-6EQJO4RK

[2023-10-08 10:19:03 #3 type] 
Type domain.Event is not enhanced.

[2023-10-08 10:19:03 #4 type] 
Type domain.Question is not enhanced.

[2023-10-08 10:19:03 #5 type] 
Type domain.Aukera is not enhanced.

[2023-10-08 10:19:03 #6 type] 
Type domain.Apustua is not enhanced.

[2023-10-08 10:19:03 #7 type] 
Type domain.User is not enhanced.

[2023-10-08 10:19:03 #8 type] 
Type domain.Erregistratua is not enhanced.

[2023-10-08 10:19:03 #9 type] 
Type domain.Mezua is not enhanced.

[2023-10-08 10:19:03 #10 type] 
Type domain.Mugimendua is not enhanced.

[2023-10-08 10:19:03 #11 type] 
Type domain.Admin is not enhanced.

[2023-10-08 10:19:03 #12 type] 
Type domain.Editorea is not enhanced.

------------------------------------------------------------------------------------------------------------------------

[2023-10-08 10:19:12 #1 store] 
Database 'C:\Users\larbu\git\SI-Bets\src\main\resources\bets.temp' has been recovered (tr. 269-276)

[2023-10-08 10:19:12 #2 store] 
Database 'C:\Users\larbu\git\SI-Bets\src\main\resources\bets.temp' is opened by 29244@LAPTOP-6EQJO4RK

[2023-10-08 10:19:12 #3 type] 
Type domain.Event is not enhanced.

[2023-10-08 10:19:12 #4 type] 
Type domain.Question is not enhanced.

[2023-10-08 10:19:12 #5 type] 
Type domain.Aukera is not enhanced.

[2023-10-08 10:19:12 #6 type] 
Type domain.Apustua is not enhanced.

[2023-10-08 10:19:12 #7 type] 
Type domain.User is not enhanced.

[2023-10-08 10:19:12 #8 type] 
Type domain.Erregistratua is not enhanced.

[2023-10-08 10:19:12 #9 type] 
Type domain.Mezua is not enhanced.

[2023-10-08 10:19:12 #10 type] 
Type domain.Mugimendua is not enhanced.

[2023-10-08 10:19:12 #11 type] 
Type domain.Admin is not enhanced.

[2023-10-08 10:19:12 #12 type] 
Type domain.Editorea is not enhanced.

------------------------------------------------------------------------------------------------------------------------

[2023-10-08 13:33:03 #1 store] 
Database 'C:\Users\iaram\git\SI-Bet\src\main\resources\bets.temp' has been recovered (tr. 287-313)

[2023-10-08 13:33:03 #2 store] 
Database 'C:\Users\iaram\git\SI-Bet\src\main\resources\bets.temp' is opened by 25396@LAPTOP-QG7DD9CE

[2023-10-08 13:33:03 #3 type] 
Type domain.Event is not enhanced.

[2023-10-08 13:33:03 #4 type] 
Type domain.Question is not enhanced.

[2023-10-08 13:33:03 #5 type] 
Type domain.Aukera is not enhanced.

[2023-10-08 13:33:03 #6 type] 
Type domain.Apustua is not enhanced.

[2023-10-08 13:33:03 #7 type] 
Type domain.User is not enhanced.

[2023-10-08 13:33:03 #8 type] 
Type domain.Erregistratua is not enhanced.

[2023-10-08 13:33:03 #9 type] 
Type domain.Mezua is not enhanced.

[2023-10-08 13:33:03 #10 type] 
Type domain.Mugimendua is not enhanced.

[2023-10-08 13:33:03 #11 type] 
Type domain.Admin is not enhanced.

[2023-10-08 13:33:03 #12 type] 
Type domain.Editorea is not enhanced.

------------------------------------------------------------------------------------------------------------------------

[2023-10-08 13:58:27 #1 store] 
Database 'C:\Users\iaram\git\SI-Bet\src\main\resources\bets.temp' has been recovered (tr. 314-357)

[2023-10-08 13:58:27 #2 store] 
Database 'C:\Users\iaram\git\SI-Bet\src\main\resources\bets.temp' is opened by 25548@LAPTOP-QG7DD9CE

[2023-10-08 13:58:28 #3 type] 
Type domain.Event is not enhanced.

[2023-10-08 13:58:28 #4 type] 
Type domain.Question is not enhanced.

[2023-10-08 13:58:28 #5 type] 
Type domain.Aukera is not enhanced.

[2023-10-08 13:58:28 #6 type] 
Type domain.Apustua is not enhanced.

[2023-10-08 13:58:28 #7 type] 
Type domain.User is not enhanced.

[2023-10-08 13:58:28 #8 type] 
Type domain.Erregistratua is not enhanced.

[2023-10-08 13:58:28 #9 type] 
Type domain.Mezua is not enhanced.

[2023-10-08 13:58:28 #10 type] 
Type domain.Mugimendua is not enhanced.

[2023-10-08 13:58:28 #11 type] 
Type domain.Admin is not enhanced.

[2023-10-08 13:58:28 #12 type] 
Type domain.Editorea is not enhanced.

------------------------------------------------------------------------------------------------------------------------

[2023-10-08 14:04:21 #1 store] 
Database 'C:\Users\iaram\git\SI-Bet\src\main\resources\bets.temp' has been recovered (tr. 358-367)

[2023-10-08 14:04:21 #2 store] 
Database 'C:\Users\iaram\git\SI-Bet\src\main\resources\bets.temp' is opened by 29564@LAPTOP-QG7DD9CE

[2023-10-08 14:04:21 #3 type] 
Type domain.Event is not enhanced.

[2023-10-08 14:04:21 #4 type] 
Type domain.Question is not enhanced.

[2023-10-08 14:04:21 #5 type] 
Type domain.Aukera is not enhanced.

[2023-10-08 14:04:21 #6 type] 
Type domain.Apustua is not enhanced.

[2023-10-08 14:04:21 #7 type] 
Type domain.User is not enhanced.

[2023-10-08 14:04:21 #8 type] 
Type domain.Erregistratua is not enhanced.

[2023-10-08 14:04:21 #9 type] 
Type domain.Mezua is not enhanced.

[2023-10-08 14:04:21 #10 type] 
Type domain.Mugimendua is not enhanced.

[2023-10-08 14:04:21 #11 type] 
Type domain.Admin is not enhanced.

[2023-10-08 14:04:21 #12 type] 
Type domain.Editorea is not enhanced.

------------------------------------------------------------------------------------------------------------------------

[2023-10-08 14:04:44 #1 store] 
Database 'C:\Users\iaram\git\SI-Bet\src\main\resources\bets.temp' has been recovered (tr. 368-377)

[2023-10-08 14:04:44 #2 store] 
Database 'C:\Users\iaram\git\SI-Bet\src\main\resources\bets.temp' is opened by 18460@LAPTOP-QG7DD9CE

[2023-10-08 14:04:44 #3 type] 
Type domain.Event is not enhanced.

[2023-10-08 14:04:44 #4 type] 
Type domain.Question is not enhanced.

[2023-10-08 14:04:44 #5 type] 
Type domain.Aukera is not enhanced.

[2023-10-08 14:04:44 #6 type] 
Type domain.Apustua is not enhanced.

[2023-10-08 14:04:44 #7 type] 
Type domain.User is not enhanced.

[2023-10-08 14:04:44 #8 type] 
Type domain.Erregistratua is not enhanced.

[2023-10-08 14:04:44 #9 type] 
Type domain.Mezua is not enhanced.

[2023-10-08 14:04:44 #10 type] 
Type domain.Mugimendua is not enhanced.

[2023-10-08 14:04:44 #11 type] 
Type domain.Admin is not enhanced.

[2023-10-08 14:04:44 #12 type] 
Type domain.Editorea is not enhanced.

------------------------------------------------------------------------------------------------------------------------

[2023-10-08 14:17:07 #1 store] 
Database 'C:\Users\iaram\git\SI-Bet\src\main\resources\bets.temp' has been recovered (tr. 378-379)

[2023-10-08 14:17:07 #2 store] 
Database 'C:\Users\iaram\git\SI-Bet\src\main\resources\bets.temp' is opened by 29044@LAPTOP-QG7DD9CE

[2023-10-08 14:17:07 #3 type] 
Type domain.Event is not enhanced.

[2023-10-08 14:17:07 #4 type] 
Type domain.Question is not enhanced.

[2023-10-08 14:17:07 #5 type] 
Type domain.Aukera is not enhanced.

[2023-10-08 14:17:07 #6 type] 
Type domain.Apustua is not enhanced.

[2023-10-08 14:17:07 #7 type] 
Type domain.User is not enhanced.

[2023-10-08 14:17:07 #8 type] 
Type domain.Erregistratua is not enhanced.

[2023-10-08 14:17:07 #9 type] 
Type domain.Mezua is not enhanced.

[2023-10-08 14:17:07 #10 type] 
Type domain.Mugimendua is not enhanced.

[2023-10-08 14:17:07 #11 type] 
Type domain.Admin is not enhanced.

[2023-10-08 14:17:07 #12 type] 
Type domain.Editorea is not enhanced.

------------------------------------------------------------------------------------------------------------------------

[2023-10-08 14:19:31 #1 store] 
Database 'C:\Users\iaram\git\SI-Bet\src\main\resources\bets.temp' has been recovered (tr. 380-423)

[2023-10-08 14:19:31 #2 store] 
Database 'C:\Users\iaram\git\SI-Bet\src\main\resources\bets.temp' is opened by 27524@LAPTOP-QG7DD9CE

[2023-10-08 14:19:31 #3 type] 
Type domain.Event is not enhanced.

[2023-10-08 14:19:31 #4 type] 
Type domain.Question is not enhanced.

[2023-10-08 14:19:31 #5 type] 
Type domain.Aukera is not enhanced.

[2023-10-08 14:19:31 #6 type] 
Type domain.Apustua is not enhanced.

[2023-10-08 14:19:31 #7 type] 
Type domain.User is not enhanced.

[2023-10-08 14:19:31 #8 type] 
Type domain.Erregistratua is not enhanced.

[2023-10-08 14:19:31 #9 type] 
Type domain.Mezua is not enhanced.

[2023-10-08 14:19:31 #10 type] 
Type domain.Mugimendua is not enhanced.

[2023-10-08 14:19:31 #11 type] 
Type domain.Admin is not enhanced.

[2023-10-08 14:19:31 #12 type] 
Type domain.Editorea is not enhanced.

------------------------------------------------------------------------------------------------------------------------

[2023-10-08 14:19:57 #1 store] 
Database 'C:\Users\iaram\git\SI-Bet\src\main\resources\bets.temp' has been recovered (tr. 424-427)

[2023-10-08 14:19:57 #2 store] 
Database 'C:\Users\iaram\git\SI-Bet\src\main\resources\bets.temp' is opened by 28452@LAPTOP-QG7DD9CE

[2023-10-08 14:19:58 #3 type] 
Type domain.Event is not enhanced.

[2023-10-08 14:19:58 #4 type] 
Type domain.Question is not enhanced.

[2023-10-08 14:19:58 #5 type] 
Type domain.Aukera is not enhanced.

[2023-10-08 14:19:58 #6 type] 
Type domain.Apustua is not enhanced.

[2023-10-08 14:19:58 #7 type] 
Type domain.User is not enhanced.

[2023-10-08 14:19:58 #8 type] 
Type domain.Erregistratua is not enhanced.

[2023-10-08 14:19:58 #9 type] 
Type domain.Mezua is not enhanced.

[2023-10-08 14:19:58 #10 type] 
Type domain.Mugimendua is not enhanced.

[2023-10-08 14:19:58 #11 type] 
Type domain.Admin is not enhanced.

[2023-10-08 14:19:58 #12 type] 
Type domain.Editorea is not enhanced.

------------------------------------------------------------------------------------------------------------------------

[2023-10-08 14:22:31 #1 store] 
Database 'C:\Users\iaram\git\SI-Bet\src\main\resources\bets.temp' has been recovered (tr. 428-429)

[2023-10-08 14:22:32 #2 store] 
Database 'C:\Users\iaram\git\SI-Bet\src\main\resources\bets.temp' is opened by 28992@LAPTOP-QG7DD9CE

[2023-10-08 14:22:32 #3 type] 
Type domain.Event is not enhanced.

[2023-10-08 14:22:32 #4 type] 
Type domain.Question is not enhanced.

[2023-10-08 14:22:32 #5 type] 
Type domain.Aukera is not enhanced.

[2023-10-08 14:22:32 #6 type] 
Type domain.Apustua is not enhanced.

[2023-10-08 14:22:32 #7 type] 
Type domain.User is not enhanced.

[2023-10-08 14:22:32 #8 type] 
Type domain.Erregistratua is not enhanced.

[2023-10-08 14:22:32 #9 type] 
Type domain.Mezua is not enhanced.

[2023-10-08 14:22:32 #10 type] 
Type domain.Mugimendua is not enhanced.

[2023-10-08 14:22:32 #11 type] 
Type domain.Admin is not enhanced.

[2023-10-08 14:22:32 #12 type] 
Type domain.Editorea is not enhanced.

------------------------------------------------------------------------------------------------------------------------

[2023-10-08 14:23:35 #1 store] 
Database 'C:\Users\iaram\git\SI-Bet\src\main\resources\bets.temp' has been recovered (tr. 430-473)

[2023-10-08 14:23:35 #2 store] 
Database 'C:\Users\iaram\git\SI-Bet\src\main\resources\bets.temp' is opened by 27816@LAPTOP-QG7DD9CE

[2023-10-08 14:23:35 #3 type] 
Type domain.Event is not enhanced.

[2023-10-08 14:23:35 #4 type] 
Type domain.Question is not enhanced.

[2023-10-08 14:23:35 #5 type] 
Type domain.Aukera is not enhanced.

[2023-10-08 14:23:35 #6 type] 
Type domain.Apustua is not enhanced.

[2023-10-08 14:23:35 #7 type] 
Type domain.User is not enhanced.

[2023-10-08 14:23:35 #8 type] 
Type domain.Erregistratua is not enhanced.

[2023-10-08 14:23:35 #9 type] 
Type domain.Mezua is not enhanced.

[2023-10-08 14:23:35 #10 type] 
Type domain.Mugimendua is not enhanced.

[2023-10-08 14:23:35 #11 type] 
Type domain.Admin is not enhanced.

[2023-10-08 14:23:35 #12 type] 
Type domain.Editorea is not enhanced.

------------------------------------------------------------------------------------------------------------------------

[2023-10-08 14:25:28 #1 store] 
Database 'C:\Users\iaram\git\SI-Bet\src\main\resources\bets.temp' has been recovered (tr. 474-475)

[2023-10-08 14:25:28 #2 store] 
Database 'C:\Users\iaram\git\SI-Bet\src\main\resources\bets.temp' is opened by 22564@LAPTOP-QG7DD9CE

[2023-10-08 14:25:28 #3 type] 
Type domain.Event is not enhanced.

[2023-10-08 14:25:28 #4 type] 
Type domain.Question is not enhanced.

[2023-10-08 14:25:28 #5 type] 
Type domain.Aukera is not enhanced.

[2023-10-08 14:25:28 #6 type] 
Type domain.Apustua is not enhanced.

[2023-10-08 14:25:28 #7 type] 
Type domain.User is not enhanced.

[2023-10-08 14:25:28 #8 type] 
Type domain.Erregistratua is not enhanced.

[2023-10-08 14:25:28 #9 type] 
Type domain.Mezua is not enhanced.

[2023-10-08 14:25:28 #10 type] 
Type domain.Mugimendua is not enhanced.

[2023-10-08 14:25:28 #11 type] 
Type domain.Admin is not enhanced.

[2023-10-08 14:25:28 #12 type] 
Type domain.Editorea is not enhanced.

------------------------------------------------------------------------------------------------------------------------

[2023-10-08 14:25:43 #1 store] 
Database 'C:\Users\iaram\git\SI-Bet\src\main\resources\bets.temp' has been recovered (tr. 478-486)

[2023-10-08 14:25:43 #2 store] 
Database 'C:\Users\iaram\git\SI-Bet\src\main\resources\bets.temp' is opened by 28676@LAPTOP-QG7DD9CE

[2023-10-08 14:25:43 #3 type] 
Type domain.Event is not enhanced.

[2023-10-08 14:25:43 #4 type] 
Type domain.Question is not enhanced.

[2023-10-08 14:25:43 #5 type] 
Type domain.Aukera is not enhanced.

[2023-10-08 14:25:43 #6 type] 
Type domain.Apustua is not enhanced.

[2023-10-08 14:25:43 #7 type] 
Type domain.User is not enhanced.

[2023-10-08 14:25:43 #8 type] 
Type domain.Erregistratua is not enhanced.

[2023-10-08 14:25:43 #9 type] 
Type domain.Mezua is not enhanced.

[2023-10-08 14:25:43 #10 type] 
Type domain.Mugimendua is not enhanced.

[2023-10-08 14:25:43 #11 type] 
Type domain.Admin is not enhanced.

[2023-10-08 14:25:43 #12 type] 
Type domain.Editorea is not enhanced.

------------------------------------------------------------------------------------------------------------------------

[2023-10-08 14:26:00 #1 store] 
Database 'C:\Users\iaram\git\SI-Bet\src\main\resources\bets.temp' has been recovered (tr. 487-498)

[2023-10-08 14:26:00 #2 store] 
Database 'C:\Users\iaram\git\SI-Bet\src\main\resources\bets.temp' is opened by 26548@LAPTOP-QG7DD9CE

[2023-10-08 14:26:00 #3 type] 
Type domain.Event is not enhanced.

[2023-10-08 14:26:00 #4 type] 
Type domain.Question is not enhanced.

[2023-10-08 14:26:00 #5 type] 
Type domain.Aukera is not enhanced.

[2023-10-08 14:26:00 #6 type] 
Type domain.Apustua is not enhanced.

[2023-10-08 14:26:00 #7 type] 
Type domain.User is not enhanced.

[2023-10-08 14:26:00 #8 type] 
Type domain.Erregistratua is not enhanced.

[2023-10-08 14:26:00 #9 type] 
Type domain.Mezua is not enhanced.

[2023-10-08 14:26:00 #10 type] 
Type domain.Mugimendua is not enhanced.

[2023-10-08 14:26:00 #11 type] 
Type domain.Admin is not enhanced.

[2023-10-08 14:26:00 #12 type] 
Type domain.Editorea is not enhanced.

------------------------------------------------------------------------------------------------------------------------

[2023-10-08 14:27:51 #1 store] 
Database 'C:\Users\iaram\git\SI-Bet\src\main\resources\bets.temp' has been recovered (tr. 499-506)

[2023-10-08 14:27:51 #2 store] 
Database 'C:\Users\iaram\git\SI-Bet\src\main\resources\bets.temp' is opened by 17928@LAPTOP-QG7DD9CE

[2023-10-08 14:27:51 #3 type] 
Type domain.Event is not enhanced.

[2023-10-08 14:27:51 #4 type] 
Type domain.Question is not enhanced.

[2023-10-08 14:27:51 #5 type] 
Type domain.Aukera is not enhanced.

[2023-10-08 14:27:51 #6 type] 
Type domain.Apustua is not enhanced.

[2023-10-08 14:27:51 #7 type] 
Type domain.User is not enhanced.

[2023-10-08 14:27:51 #8 type] 
Type domain.Erregistratua is not enhanced.

[2023-10-08 14:27:51 #9 type] 
Type domain.Mezua is not enhanced.

[2023-10-08 14:27:51 #10 type] 
Type domain.Mugimendua is not enhanced.

[2023-10-08 14:27:51 #11 type] 
Type domain.Admin is not enhanced.

[2023-10-08 14:27:51 #12 type] 
Type domain.Editorea is not enhanced.

------------------------------------------------------------------------------------------------------------------------

[2023-10-08 14:27:59 #1 store] 
Database 'C:\Users\iaram\git\SI-Bet\src\main\resources\bets.temp' has been recovered (tr. 509-518)

[2023-10-08 14:27:59 #2 store] 
Database 'C:\Users\iaram\git\SI-Bet\src\main\resources\bets.temp' is opened by 8956@LAPTOP-QG7DD9CE

[2023-10-08 14:27:59 #3 type] 
Type domain.Event is not enhanced.

[2023-10-08 14:27:59 #4 type] 
Type domain.Question is not enhanced.

[2023-10-08 14:27:59 #5 type] 
Type domain.Aukera is not enhanced.

[2023-10-08 14:27:59 #6 type] 
Type domain.Apustua is not enhanced.

[2023-10-08 14:27:59 #7 type] 
Type domain.User is not enhanced.

[2023-10-08 14:27:59 #8 type] 
Type domain.Erregistratua is not enhanced.

[2023-10-08 14:27:59 #9 type] 
Type domain.Mezua is not enhanced.

[2023-10-08 14:27:59 #10 type] 
Type domain.Mugimendua is not enhanced.

[2023-10-08 14:27:59 #11 type] 
Type domain.Admin is not enhanced.

[2023-10-08 14:27:59 #12 type] 
Type domain.Editorea is not enhanced.

------------------------------------------------------------------------------------------------------------------------

[2023-10-08 14:29:04 #1 store] 
Database 'C:\Users\iaram\git\SI-Bet\src\main\resources\bets.temp' has been recovered (tr. 519-526)

[2023-10-08 14:29:04 #2 store] 
Database 'C:\Users\iaram\git\SI-Bet\src\main\resources\bets.temp' is opened by 23140@LAPTOP-QG7DD9CE

[2023-10-08 14:29:05 #3 type] 
Type domain.Event is not enhanced.

[2023-10-08 14:29:05 #4 type] 
Type domain.Question is not enhanced.

[2023-10-08 14:29:05 #5 type] 
Type domain.Aukera is not enhanced.

[2023-10-08 14:29:05 #6 type] 
Type domain.Apustua is not enhanced.

[2023-10-08 14:29:05 #7 type] 
Type domain.User is not enhanced.

[2023-10-08 14:29:05 #8 type] 
Type domain.Erregistratua is not enhanced.

[2023-10-08 14:29:05 #9 type] 
Type domain.Mezua is not enhanced.

[2023-10-08 14:29:05 #10 type] 
Type domain.Mugimendua is not enhanced.

[2023-10-08 14:29:05 #11 type] 
Type domain.Admin is not enhanced.

[2023-10-08 14:29:05 #12 type] 
Type domain.Editorea is not enhanced.

------------------------------------------------------------------------------------------------------------------------

[2023-10-08 14:29:19 #1 store] 
Database 'C:\Users\iaram\git\SI-Bet\src\main\resources\bets.temp' has been recovered (tr. 529-531)

[2023-10-08 14:29:19 #2 store] 
Database 'C:\Users\iaram\git\SI-Bet\src\main\resources\bets.temp' is opened by 9768@LAPTOP-QG7DD9CE

[2023-10-08 14:29:19 #3 type] 
Type domain.Event is not enhanced.

[2023-10-08 14:29:19 #4 type] 
Type domain.Question is not enhanced.

[2023-10-08 14:29:19 #5 type] 
Type domain.Aukera is not enhanced.

[2023-10-08 14:29:19 #6 type] 
Type domain.Apustua is not enhanced.

[2023-10-08 14:29:19 #7 type] 
Type domain.User is not enhanced.

[2023-10-08 14:29:19 #8 type] 
Type domain.Erregistratua is not enhanced.

[2023-10-08 14:29:19 #9 type] 
Type domain.Mezua is not enhanced.

[2023-10-08 14:29:19 #10 type] 
Type domain.Mugimendua is not enhanced.

[2023-10-08 14:29:19 #11 type] 
Type domain.Admin is not enhanced.

[2023-10-08 14:29:19 #12 type] 
Type domain.Editorea is not enhanced.

------------------------------------------------------------------------------------------------------------------------

[2023-10-08 15:42:20 #1 store] 
Database 'C:\Users\iaram\git\SI-Bet\src\main\resources\bets.temp' has been recovered (tr. 532-539)

[2023-10-08 15:42:20 #2 store] 
Database 'C:\Users\iaram\git\SI-Bet\src\main\resources\bets.temp' is opened by 7592@LAPTOP-QG7DD9CE

[2023-10-08 15:42:20 #3 type] 
Type domain.Event is not enhanced.

[2023-10-08 15:42:20 #4 type] 
Type domain.Question is not enhanced.

[2023-10-08 15:42:20 #5 type] 
Type domain.Aukera is not enhanced.

[2023-10-08 15:42:20 #6 type] 
Type domain.Apustua is not enhanced.

[2023-10-08 15:42:20 #7 type] 
Type domain.User is not enhanced.

[2023-10-08 15:42:20 #8 type] 
Type domain.Erregistratua is not enhanced.

[2023-10-08 15:42:20 #9 type] 
Type domain.Mezua is not enhanced.

[2023-10-08 15:42:20 #10 type] 
Type domain.Mugimendua is not enhanced.

[2023-10-08 15:42:20 #11 type] 
Type domain.Admin is not enhanced.

[2023-10-08 15:42:20 #12 type] 
Type domain.Editorea is not enhanced.

------------------------------------------------------------------------------------------------------------------------

[2023-10-08 15:44:22 #1 store] 
Database 'C:\Users\iaram\git\SI-Bet\src\main\resources\bets.temp' has been recovered (tr. 542-547)

[2023-10-08 15:44:22 #2 store] 
Database 'C:\Users\iaram\git\SI-Bet\src\main\resources\bets.temp' is opened by 16700@LAPTOP-QG7DD9CE

[2023-10-08 15:44:22 #3 type] 
Type domain.Event is not enhanced.

[2023-10-08 15:44:22 #4 type] 
Type domain.Question is not enhanced.

[2023-10-08 15:44:22 #5 type] 
Type domain.Aukera is not enhanced.

[2023-10-08 15:44:22 #6 type] 
Type domain.Apustua is not enhanced.

[2023-10-08 15:44:22 #7 type] 
Type domain.User is not enhanced.

[2023-10-08 15:44:22 #8 type] 
Type domain.Erregistratua is not enhanced.

[2023-10-08 15:44:22 #9 type] 
Type domain.Mezua is not enhanced.

[2023-10-08 15:44:22 #10 type] 
Type domain.Mugimendua is not enhanced.

[2023-10-08 15:44:22 #11 type] 
Type domain.Admin is not enhanced.

[2023-10-08 15:44:22 #12 type] 
Type domain.Editorea is not enhanced.

------------------------------------------------------------------------------------------------------------------------

[2023-10-08 15:44:54 #1 store] 
Database 'C:\Users\iaram\git\SI-Bet\src\main\resources\bets.temp' has been recovered (tr. 548-593)

[2023-10-08 15:44:54 #2 store] 
Database 'C:\Users\iaram\git\SI-Bet\src\main\resources\bets.temp' is opened by 16908@LAPTOP-QG7DD9CE

[2023-10-08 15:44:54 #3 type] 
Type domain.Event is not enhanced.

[2023-10-08 15:44:54 #4 type] 
Type domain.Question is not enhanced.

[2023-10-08 15:44:54 #5 type] 
Type domain.Aukera is not enhanced.

[2023-10-08 15:44:54 #6 type] 
Type domain.Apustua is not enhanced.

[2023-10-08 15:44:55 #7 type] 
Type domain.User is not enhanced.

[2023-10-08 15:44:55 #8 type] 
Type domain.Erregistratua is not enhanced.

[2023-10-08 15:44:55 #9 type] 
Type domain.Mezua is not enhanced.

[2023-10-08 15:44:55 #10 type] 
Type domain.Mugimendua is not enhanced.

[2023-10-08 15:44:55 #11 type] 
Type domain.Admin is not enhanced.

[2023-10-08 15:44:55 #12 type] 
Type domain.Editorea is not enhanced.

------------------------------------------------------------------------------------------------------------------------

[2023-10-08 15:45:34 #1 store] 
Database 'C:\Users\iaram\git\SI-Bet\src\main\resources\bets.temp' has been recovered (tr. 594-601)

[2023-10-08 15:45:34 #2 store] 
Database 'C:\Users\iaram\git\SI-Bet\src\main\resources\bets.temp' is opened by 23128@LAPTOP-QG7DD9CE

[2023-10-08 15:45:34 #3 type] 
Type domain.Event is not enhanced.

[2023-10-08 15:45:34 #4 type] 
Type domain.Question is not enhanced.

[2023-10-08 15:45:34 #5 type] 
Type domain.Aukera is not enhanced.

[2023-10-08 15:45:34 #6 type] 
Type domain.Apustua is not enhanced.

[2023-10-08 15:45:34 #7 type] 
Type domain.User is not enhanced.

[2023-10-08 15:45:34 #8 type] 
Type domain.Erregistratua is not enhanced.

[2023-10-08 15:45:34 #9 type] 
Type domain.Mezua is not enhanced.

[2023-10-08 15:45:34 #10 type] 
Type domain.Mugimendua is not enhanced.

[2023-10-08 15:45:34 #11 type] 
Type domain.Admin is not enhanced.

[2023-10-08 15:45:34 #12 type] 
Type domain.Editorea is not enhanced.

------------------------------------------------------------------------------------------------------------------------

[2023-10-08 15:45:41 #1 store] 
Database 'C:\Users\iaram\git\SI-Bet\src\main\resources\bets.temp' has been recovered (tr. 604-606)

[2023-10-08 15:45:41 #2 store] 
Database 'C:\Users\iaram\git\SI-Bet\src\main\resources\bets.temp' is opened by 19580@LAPTOP-QG7DD9CE

[2023-10-08 15:45:42 #3 type] 
Type domain.Event is not enhanced.

[2023-10-08 15:45:42 #4 type] 
Type domain.Question is not enhanced.

[2023-10-08 15:45:42 #5 type] 
Type domain.Aukera is not enhanced.

[2023-10-08 15:45:42 #6 type] 
Type domain.Apustua is not enhanced.

[2023-10-08 15:45:42 #7 type] 
Type domain.User is not enhanced.

[2023-10-08 15:45:42 #8 type] 
Type domain.Erregistratua is not enhanced.

[2023-10-08 15:45:42 #9 type] 
Type domain.Mezua is not enhanced.

[2023-10-08 15:45:42 #10 type] 
Type domain.Mugimendua is not enhanced.

[2023-10-08 15:45:42 #11 type] 
Type domain.Admin is not enhanced.

[2023-10-08 15:45:42 #12 type] 
Type domain.Editorea is not enhanced.

------------------------------------------------------------------------------------------------------------------------

[2023-10-08 15:46:41 #1 store] 
Database 'C:\Users\iaram\git\SI-Bet\src\main\resources\bets.temp' has been recovered (tr. 607-618)

[2023-10-08 15:46:41 #2 store] 
Database 'C:\Users\iaram\git\SI-Bet\src\main\resources\bets.temp' is opened by 23724@LAPTOP-QG7DD9CE

[2023-10-08 15:46:41 #3 type] 
Type domain.Event is not enhanced.

[2023-10-08 15:46:41 #4 type] 
Type domain.Question is not enhanced.

[2023-10-08 15:46:41 #5 type] 
Type domain.Aukera is not enhanced.

[2023-10-08 15:46:41 #6 type] 
Type domain.Apustua is not enhanced.

[2023-10-08 15:46:41 #7 type] 
Type domain.User is not enhanced.

[2023-10-08 15:46:41 #8 type] 
Type domain.Erregistratua is not enhanced.

[2023-10-08 15:46:41 #9 type] 
Type domain.Mezua is not enhanced.

[2023-10-08 15:46:41 #10 type] 
Type domain.Mugimendua is not enhanced.

[2023-10-08 15:46:41 #11 type] 
Type domain.Admin is not enhanced.

[2023-10-08 15:46:41 #12 type] 
Type domain.Editorea is not enhanced.

------------------------------------------------------------------------------------------------------------------------

[2023-10-08 15:46:48 #1 store] 
Database 'C:\Users\iaram\git\SI-Bet\src\main\resources\bets.temp' has been recovered (tr. 619-630)

[2023-10-08 15:46:48 #2 store] 
Database 'C:\Users\iaram\git\SI-Bet\src\main\resources\bets.temp' is opened by 2492@LAPTOP-QG7DD9CE

[2023-10-08 15:46:48 #3 type] 
Type domain.Event is not enhanced.

[2023-10-08 15:46:48 #4 type] 
Type domain.Question is not enhanced.

[2023-10-08 15:46:48 #5 type] 
Type domain.Aukera is not enhanced.

[2023-10-08 15:46:48 #6 type] 
Type domain.Apustua is not enhanced.

[2023-10-08 15:46:48 #7 type] 
Type domain.User is not enhanced.

[2023-10-08 15:46:48 #8 type] 
Type domain.Erregistratua is not enhanced.

[2023-10-08 15:46:48 #9 type] 
Type domain.Mezua is not enhanced.

[2023-10-08 15:46:48 #10 type] 
Type domain.Mugimendua is not enhanced.

[2023-10-08 15:46:48 #11 type] 
Type domain.Admin is not enhanced.

[2023-10-08 15:46:48 #12 type] 
Type domain.Editorea is not enhanced.

------------------------------------------------------------------------------------------------------------------------

[2023-10-08 15:49:01 #1 store] 
Database 'C:\Users\iaram\git\SI-Bet\src\main\resources\bets.temp' has been recovered (tr. 631-638)

[2023-10-08 15:49:01 #2 store] 
Database 'C:\Users\iaram\git\SI-Bet\src\main\resources\bets.temp' is opened by 17876@LAPTOP-QG7DD9CE

[2023-10-08 15:49:01 #3 type] 
Type domain.Event is not enhanced.

[2023-10-08 15:49:01 #4 type] 
Type domain.Question is not enhanced.

[2023-10-08 15:49:01 #5 type] 
Type domain.Aukera is not enhanced.

[2023-10-08 15:49:01 #6 type] 
Type domain.Apustua is not enhanced.

[2023-10-08 15:49:01 #7 type] 
Type domain.User is not enhanced.

[2023-10-08 15:49:01 #8 type] 
Type domain.Erregistratua is not enhanced.

[2023-10-08 15:49:01 #9 type] 
Type domain.Mezua is not enhanced.

[2023-10-08 15:49:01 #10 type] 
Type domain.Mugimendua is not enhanced.

[2023-10-08 15:49:01 #11 type] 
Type domain.Admin is not enhanced.

[2023-10-08 15:49:01 #12 type] 
Type domain.Editorea is not enhanced.

------------------------------------------------------------------------------------------------------------------------

[2023-10-08 15:49:22 #1 store] 
Database 'C:\Users\iaram\git\SI-Bet\src\main\resources\bets.temp' has been recovered (tr. 641-643)

[2023-10-08 15:49:22 #2 store] 
Database 'C:\Users\iaram\git\SI-Bet\src\main\resources\bets.temp' is opened by 11384@LAPTOP-QG7DD9CE

[2023-10-08 15:49:22 #3 type] 
Type domain.Event is not enhanced.

[2023-10-08 15:49:22 #4 type] 
Type domain.Question is not enhanced.

[2023-10-08 15:49:22 #5 type] 
Type domain.Aukera is not enhanced.

[2023-10-08 15:49:22 #6 type] 
Type domain.Apustua is not enhanced.

[2023-10-08 15:49:22 #7 type] 
Type domain.User is not enhanced.

[2023-10-08 15:49:22 #8 type] 
Type domain.Erregistratua is not enhanced.

[2023-10-08 15:49:22 #9 type] 
Type domain.Mezua is not enhanced.

[2023-10-08 15:49:22 #10 type] 
Type domain.Mugimendua is not enhanced.

[2023-10-08 15:49:22 #11 type] 
Type domain.Admin is not enhanced.

[2023-10-08 15:49:22 #12 type] 
Type domain.Editorea is not enhanced.

------------------------------------------------------------------------------------------------------------------------

[2023-10-08 15:49:44 #1 store] 
Database 'C:\Users\iaram\git\SI-Bet\src\main\resources\bets.temp' has been recovered (tr. 645-650)

[2023-10-08 15:49:45 #2 store] 
Database 'C:\Users\iaram\git\SI-Bet\src\main\resources\bets.temp' is opened by 27032@LAPTOP-QG7DD9CE

[2023-10-08 15:49:45 #3 type] 
Type domain.Event is not enhanced.

[2023-10-08 15:49:45 #4 type] 
Type domain.Question is not enhanced.

[2023-10-08 15:49:45 #5 type] 
Type domain.Aukera is not enhanced.

[2023-10-08 15:49:45 #6 type] 
Type domain.Apustua is not enhanced.

[2023-10-08 15:49:45 #7 type] 
Type domain.User is not enhanced.

[2023-10-08 15:49:45 #8 type] 
Type domain.Erregistratua is not enhanced.

[2023-10-08 15:49:45 #9 type] 
Type domain.Mezua is not enhanced.

[2023-10-08 15:49:45 #10 type] 
Type domain.Mugimendua is not enhanced.

[2023-10-08 15:49:45 #11 type] 
Type domain.Admin is not enhanced.

[2023-10-08 15:49:45 #12 type] 
Type domain.Editorea is not enhanced.

------------------------------------------------------------------------------------------------------------------------

[2023-10-08 15:50:05 #1 store] 
Database 'C:\Users\iaram\git\SI-Bet\src\main\resources\bets.temp' has been recovered (tr. 651-662)

[2023-10-08 15:50:05 #2 store] 
Database 'C:\Users\iaram\git\SI-Bet\src\main\resources\bets.temp' is opened by 8892@LAPTOP-QG7DD9CE

[2023-10-08 15:50:05 #3 type] 
Type domain.Event is not enhanced.

[2023-10-08 15:50:05 #4 type] 
Type domain.Question is not enhanced.

[2023-10-08 15:50:05 #5 type] 
Type domain.Aukera is not enhanced.

[2023-10-08 15:50:05 #6 type] 
Type domain.Apustua is not enhanced.

[2023-10-08 15:50:05 #7 type] 
Type domain.User is not enhanced.

[2023-10-08 15:50:05 #8 type] 
Type domain.Erregistratua is not enhanced.

[2023-10-08 15:50:05 #9 type] 
Type domain.Mezua is not enhanced.

[2023-10-08 15:50:05 #10 type] 
Type domain.Mugimendua is not enhanced.

[2023-10-08 15:50:05 #11 type] 
Type domain.Admin is not enhanced.

[2023-10-08 15:50:05 #12 type] 
Type domain.Editorea is not enhanced.

------------------------------------------------------------------------------------------------------------------------

[2023-10-08 15:54:25 #1 store] 
Database 'C:\Users\iaram\git\SI-Bet\src\main\resources\bets.temp' has been recovered (tr. 663-674)

[2023-10-08 15:54:25 #2 store] 
Database 'C:\Users\iaram\git\SI-Bet\src\main\resources\bets.temp' is opened by 29132@LAPTOP-QG7DD9CE

[2023-10-08 15:54:25 #3 type] 
Type domain.Event is not enhanced.

[2023-10-08 15:54:25 #4 type] 
Type domain.Question is not enhanced.

[2023-10-08 15:54:25 #5 type] 
Type domain.Aukera is not enhanced.

[2023-10-08 15:54:25 #6 type] 
Type domain.Apustua is not enhanced.

[2023-10-08 15:54:25 #7 type] 
Type domain.User is not enhanced.

[2023-10-08 15:54:25 #8 type] 
Type domain.Erregistratua is not enhanced.

[2023-10-08 15:54:25 #9 type] 
Type domain.Mezua is not enhanced.

[2023-10-08 15:54:25 #10 type] 
Type domain.Mugimendua is not enhanced.

[2023-10-08 15:54:25 #11 type] 
Type domain.Admin is not enhanced.

[2023-10-08 15:54:25 #12 type] 
Type domain.Editorea is not enhanced.

------------------------------------------------------------------------------------------------------------------------

[2023-10-08 16:00:40 #1 store] 
Database 'C:\Users\iaram\git\SI-Bet\src\main\resources\bets.temp' has been recovered (tr. 675-693)

[2023-10-08 16:00:40 #2 store] 
Database 'C:\Users\iaram\git\SI-Bet\src\main\resources\bets.temp' is opened by 31068@LAPTOP-QG7DD9CE

[2023-10-08 16:00:40 #3 type] 
Type domain.Event is not enhanced.

[2023-10-08 16:00:40 #4 type] 
Type domain.Question is not enhanced.

[2023-10-08 16:00:40 #5 type] 
Type domain.Aukera is not enhanced.

[2023-10-08 16:00:40 #6 type] 
Type domain.Apustua is not enhanced.

[2023-10-08 16:00:40 #7 type] 
Type domain.User is not enhanced.

[2023-10-08 16:00:40 #8 type] 
Type domain.Erregistratua is not enhanced.

[2023-10-08 16:00:40 #9 type] 
Type domain.Mezua is not enhanced.

[2023-10-08 16:00:40 #10 type] 
Type domain.Mugimendua is not enhanced.

[2023-10-08 16:00:40 #11 type] 
Type domain.Admin is not enhanced.

[2023-10-08 16:00:40 #12 type] 
Type domain.Editorea is not enhanced.

------------------------------------------------------------------------------------------------------------------------

[2023-10-08 16:01:33 #1 store] 
Database 'C:\Users\iaram\git\SI-Bet\src\main\resources\bets.temp' has been recovered (tr. 694-712)

[2023-10-08 16:01:33 #2 store] 
Database 'C:\Users\iaram\git\SI-Bet\src\main\resources\bets.temp' is opened by 28708@LAPTOP-QG7DD9CE

[2023-10-08 16:01:33 #3 type] 
Type domain.Event is not enhanced.

[2023-10-08 16:01:33 #4 type] 
Type domain.Question is not enhanced.

[2023-10-08 16:01:33 #5 type] 
Type domain.Aukera is not enhanced.

[2023-10-08 16:01:33 #6 type] 
Type domain.Apustua is not enhanced.

[2023-10-08 16:01:33 #7 type] 
Type domain.User is not enhanced.

[2023-10-08 16:01:33 #8 type] 
Type domain.Erregistratua is not enhanced.

[2023-10-08 16:01:33 #9 type] 
Type domain.Mezua is not enhanced.

[2023-10-08 16:01:33 #10 type] 
Type domain.Mugimendua is not enhanced.

[2023-10-08 16:01:33 #11 type] 
Type domain.Admin is not enhanced.

[2023-10-08 16:01:33 #12 type] 
Type domain.Editorea is not enhanced.

------------------------------------------------------------------------------------------------------------------------

[2023-10-08 16:03:17 #1 store] 
Database 'C:\Users\iaram\git\SI-Bet\src\main\resources\bets.temp' has been recovered (tr. 713-731)

[2023-10-08 16:03:17 #2 store] 
Database 'C:\Users\iaram\git\SI-Bet\src\main\resources\bets.temp' is opened by 29088@LAPTOP-QG7DD9CE

[2023-10-08 16:03:17 #3 type] 
Type domain.Event is not enhanced.

[2023-10-08 16:03:17 #4 type] 
Type domain.Question is not enhanced.

[2023-10-08 16:03:17 #5 type] 
Type domain.Aukera is not enhanced.

[2023-10-08 16:03:17 #6 type] 
Type domain.Apustua is not enhanced.

[2023-10-08 16:03:17 #7 type] 
Type domain.User is not enhanced.

[2023-10-08 16:03:17 #8 type] 
Type domain.Erregistratua is not enhanced.

[2023-10-08 16:03:17 #9 type] 
Type domain.Mezua is not enhanced.

[2023-10-08 16:03:17 #10 type] 
Type domain.Mugimendua is not enhanced.

[2023-10-08 16:03:17 #11 type] 
Type domain.Admin is not enhanced.

[2023-10-08 16:03:17 #12 type] 
Type domain.Editorea is not enhanced.

------------------------------------------------------------------------------------------------------------------------

[2023-10-08 16:03:47 #1 store] 
Database 'C:\Users\iaram\git\SI-Bet\src\main\resources\bets.temp' has been recovered (tr. 732-749)

[2023-10-08 16:03:48 #2 store] 
Database 'C:\Users\iaram\git\SI-Bet\src\main\resources\bets.temp' is opened by 25228@LAPTOP-QG7DD9CE

[2023-10-08 16:03:48 #3 type] 
Type domain.Event is not enhanced.

[2023-10-08 16:03:48 #4 type] 
Type domain.Question is not enhanced.

[2023-10-08 16:03:48 #5 type] 
Type domain.Aukera is not enhanced.

[2023-10-08 16:03:48 #6 type] 
Type domain.Apustua is not enhanced.

[2023-10-08 16:03:48 #7 type] 
Type domain.User is not enhanced.

[2023-10-08 16:03:48 #8 type] 
Type domain.Erregistratua is not enhanced.

[2023-10-08 16:03:48 #9 type] 
Type domain.Mezua is not enhanced.

[2023-10-08 16:03:48 #10 type] 
Type domain.Mugimendua is not enhanced.

[2023-10-08 16:03:48 #11 type] 
Type domain.Admin is not enhanced.

[2023-10-08 16:03:48 #12 type] 
Type domain.Editorea is not enhanced.

------------------------------------------------------------------------------------------------------------------------

[2023-10-08 16:05:02 #1 store] 
Database 'C:\Users\iaram\git\SI-Bet\src\main\resources\bets.temp' has been recovered (tr. 750-768)

[2023-10-08 16:05:02 #2 store] 
Database 'C:\Users\iaram\git\SI-Bet\src\main\resources\bets.temp' is opened by 1296@LAPTOP-QG7DD9CE

[2023-10-08 16:05:02 #3 type] 
Type domain.Event is not enhanced.

[2023-10-08 16:05:02 #4 type] 
Type domain.Question is not enhanced.

[2023-10-08 16:05:02 #5 type] 
Type domain.Aukera is not enhanced.

[2023-10-08 16:05:02 #6 type] 
Type domain.Apustua is not enhanced.

[2023-10-08 16:05:02 #7 type] 
Type domain.User is not enhanced.

[2023-10-08 16:05:02 #8 type] 
Type domain.Erregistratua is not enhanced.

[2023-10-08 16:05:02 #9 type] 
Type domain.Mezua is not enhanced.

[2023-10-08 16:05:02 #10 type] 
Type domain.Mugimendua is not enhanced.

[2023-10-08 16:05:02 #11 type] 
Type domain.Admin is not enhanced.

[2023-10-08 16:05:02 #12 type] 
Type domain.Editorea is not enhanced.

------------------------------------------------------------------------------------------------------------------------

[2023-10-08 16:05:23 #1 store] 
Database 'C:\Users\iaram\git\SI-Bet\src\main\resources\bets.temp' has been recovered (tr. 769-787)

[2023-10-08 16:05:23 #2 store] 
Database 'C:\Users\iaram\git\SI-Bet\src\main\resources\bets.temp' is opened by 11364@LAPTOP-QG7DD9CE

[2023-10-08 16:05:23 #3 type] 
Type domain.Event is not enhanced.

[2023-10-08 16:05:23 #4 type] 
Type domain.Question is not enhanced.

[2023-10-08 16:05:23 #5 type] 
Type domain.Aukera is not enhanced.

[2023-10-08 16:05:23 #6 type] 
Type domain.Apustua is not enhanced.

[2023-10-08 16:05:23 #7 type] 
Type domain.User is not enhanced.

[2023-10-08 16:05:23 #8 type] 
Type domain.Erregistratua is not enhanced.

[2023-10-08 16:05:23 #9 type] 
Type domain.Mezua is not enhanced.

[2023-10-08 16:05:23 #10 type] 
Type domain.Mugimendua is not enhanced.

[2023-10-08 16:05:23 #11 type] 
Type domain.Admin is not enhanced.

[2023-10-08 16:05:23 #12 type] 
Type domain.Editorea is not enhanced.

------------------------------------------------------------------------------------------------------------------------

[2023-10-08 16:06:47 #1 store] 
Database 'C:\Users\iaram\git\SI-Bet\src\main\resources\bets.temp' has been recovered (tr. 788-803)

[2023-10-08 16:06:47 #2 store] 
Database 'C:\Users\iaram\git\SI-Bet\src\main\resources\bets.temp' is opened by 30052@LAPTOP-QG7DD9CE

[2023-10-08 16:06:47 #3 type] 
Type domain.Event is not enhanced.

[2023-10-08 16:06:47 #4 type] 
Type domain.Question is not enhanced.

[2023-10-08 16:06:47 #5 type] 
Type domain.Aukera is not enhanced.

[2023-10-08 16:06:47 #6 type] 
Type domain.Apustua is not enhanced.

[2023-10-08 16:06:47 #7 type] 
Type domain.User is not enhanced.

[2023-10-08 16:06:47 #8 type] 
Type domain.Erregistratua is not enhanced.

[2023-10-08 16:06:47 #9 type] 
Type domain.Mezua is not enhanced.

[2023-10-08 16:06:47 #10 type] 
Type domain.Mugimendua is not enhanced.

[2023-10-08 16:06:47 #11 type] 
Type domain.Admin is not enhanced.

[2023-10-08 16:06:47 #12 type] 
Type domain.Editorea is not enhanced.

------------------------------------------------------------------------------------------------------------------------

[2023-10-08 16:07:39 #1 store] 
Database 'C:\Users\iaram\git\SI-Bet\src\main\resources\bets.temp' has been recovered (tr. 804-822)

[2023-10-08 16:07:39 #2 store] 
Database 'C:\Users\iaram\git\SI-Bet\src\main\resources\bets.temp' is opened by 18416@LAPTOP-QG7DD9CE

[2023-10-08 16:07:39 #3 type] 
Type domain.Event is not enhanced.

[2023-10-08 16:07:39 #4 type] 
Type domain.Question is not enhanced.

[2023-10-08 16:07:39 #5 type] 
Type domain.Aukera is not enhanced.

[2023-10-08 16:07:39 #6 type] 
Type domain.Apustua is not enhanced.

[2023-10-08 16:07:39 #7 type] 
Type domain.User is not enhanced.

[2023-10-08 16:07:39 #8 type] 
Type domain.Erregistratua is not enhanced.

[2023-10-08 16:07:39 #9 type] 
Type domain.Mezua is not enhanced.

[2023-10-08 16:07:39 #10 type] 
Type domain.Mugimendua is not enhanced.

[2023-10-08 16:07:39 #11 type] 
Type domain.Admin is not enhanced.

[2023-10-08 16:07:39 #12 type] 
Type domain.Editorea is not enhanced.

------------------------------------------------------------------------------------------------------------------------

[2023-10-08 16:10:38 #1 store] 
Database 'C:\Users\iaram\git\SI-Bet\src\main\resources\bets.temp' has been recovered (tr. 823-840)

[2023-10-08 16:10:38 #2 store] 
Database 'C:\Users\iaram\git\SI-Bet\src\main\resources\bets.temp' is opened by 15328@LAPTOP-QG7DD9CE

[2023-10-08 16:10:38 #3 type] 
Type domain.Event is not enhanced.

[2023-10-08 16:10:38 #4 type] 
Type domain.Question is not enhanced.

[2023-10-08 16:10:38 #5 type] 
Type domain.Aukera is not enhanced.

[2023-10-08 16:10:38 #6 type] 
Type domain.Apustua is not enhanced.

[2023-10-08 16:10:38 #7 type] 
Type domain.User is not enhanced.

[2023-10-08 16:10:38 #8 type] 
Type domain.Erregistratua is not enhanced.

[2023-10-08 16:10:38 #9 type] 
Type domain.Mezua is not enhanced.

[2023-10-08 16:10:38 #10 type] 
Type domain.Mugimendua is not enhanced.

[2023-10-08 16:10:38 #11 type] 
Type domain.Admin is not enhanced.

[2023-10-08 16:10:38 #12 type] 
Type domain.Editorea is not enhanced.

------------------------------------------------------------------------------------------------------------------------

[2023-10-08 16:11:37 #1 store] 
Database 'C:\Users\iaram\git\SI-Bet\src\main\resources\bets.temp' has been recovered (tr. 841-858)

[2023-10-08 16:11:37 #2 store] 
Database 'C:\Users\iaram\git\SI-Bet\src\main\resources\bets.temp' is opened by 19284@LAPTOP-QG7DD9CE

[2023-10-08 16:11:37 #3 type] 
Type domain.Event is not enhanced.

[2023-10-08 16:11:37 #4 type] 
Type domain.Question is not enhanced.

[2023-10-08 16:11:37 #5 type] 
Type domain.Aukera is not enhanced.

[2023-10-08 16:11:37 #6 type] 
Type domain.Apustua is not enhanced.

[2023-10-08 16:11:37 #7 type] 
Type domain.User is not enhanced.

[2023-10-08 16:11:37 #8 type] 
Type domain.Erregistratua is not enhanced.

[2023-10-08 16:11:37 #9 type] 
Type domain.Mezua is not enhanced.

[2023-10-08 16:11:37 #10 type] 
Type domain.Mugimendua is not enhanced.

[2023-10-08 16:11:37 #11 type] 
Type domain.Admin is not enhanced.

[2023-10-08 16:11:37 #12 type] 
Type domain.Editorea is not enhanced.

------------------------------------------------------------------------------------------------------------------------

[2023-10-08 16:12:49 #1 store] 
Database 'C:\Users\iaram\git\SI-Bet\src\main\resources\bets.temp' has been recovered (tr. 859-873)

[2023-10-08 16:12:49 #2 store] 
Database 'C:\Users\iaram\git\SI-Bet\src\main\resources\bets.temp' is opened by 25748@LAPTOP-QG7DD9CE

[2023-10-08 16:12:50 #3 type] 
Type domain.Event is not enhanced.

[2023-10-08 16:12:50 #4 type] 
Type domain.Question is not enhanced.

[2023-10-08 16:12:50 #5 type] 
Type domain.Aukera is not enhanced.

[2023-10-08 16:12:50 #6 type] 
Type domain.Apustua is not enhanced.

[2023-10-08 16:12:50 #7 type] 
Type domain.User is not enhanced.

[2023-10-08 16:12:50 #8 type] 
Type domain.Erregistratua is not enhanced.

[2023-10-08 16:12:50 #9 type] 
Type domain.Mezua is not enhanced.

[2023-10-08 16:12:50 #10 type] 
Type domain.Mugimendua is not enhanced.

[2023-10-08 16:12:50 #11 type] 
Type domain.Admin is not enhanced.

[2023-10-08 16:12:50 #12 type] 
Type domain.Editorea is not enhanced.

------------------------------------------------------------------------------------------------------------------------

[2023-10-08 16:16:43 #1 store] 
Database 'C:\Users\iaram\git\SI-Bet\src\main\resources\bets.temp' is opened by 10640@LAPTOP-QG7DD9CE

[2023-10-08 16:16:43 #2 type] 
Type domain.Event is not enhanced.

[2023-10-08 16:16:43 #3 type] 
Type domain.Question is not enhanced.

[2023-10-08 16:16:43 #4 type] 
Type domain.Aukera is not enhanced.

[2023-10-08 16:16:43 #5 type] 
Type domain.Apustua is not enhanced.

[2023-10-08 16:16:43 #6 type] 
Type domain.User is not enhanced.

[2023-10-08 16:16:43 #7 type] 
Type domain.Erregistratua is not enhanced.

[2023-10-08 16:16:43 #8 type] 
Type domain.Mezua is not enhanced.

[2023-10-08 16:16:43 #9 type] 
Type domain.Mugimendua is not enhanced.

[2023-10-08 16:16:43 #10 type] 
Type domain.Admin is not enhanced.

[2023-10-08 16:16:43 #11 type] 
Type domain.Editorea is not enhanced.

------------------------------------------------------------------------------------------------------------------------

[2023-10-08 16:17:02 #1 store] 
Database 'C:\Users\iaram\git\SI-Bet\src\main\resources\bets.temp' has been recovered (tr. 893-911)

[2023-10-08 16:17:02 #2 store] 
Database 'C:\Users\iaram\git\SI-Bet\src\main\resources\bets.temp' is opened by 31676@LAPTOP-QG7DD9CE

[2023-10-08 16:17:02 #3 type] 
Type domain.Event is not enhanced.

[2023-10-08 16:17:02 #4 type] 
Type domain.Question is not enhanced.

[2023-10-08 16:17:02 #5 type] 
Type domain.Aukera is not enhanced.

[2023-10-08 16:17:02 #6 type] 
Type domain.Apustua is not enhanced.

[2023-10-08 16:17:02 #7 type] 
Type domain.User is not enhanced.

[2023-10-08 16:17:02 #8 type] 
Type domain.Erregistratua is not enhanced.

[2023-10-08 16:17:02 #9 type] 
Type domain.Mezua is not enhanced.

[2023-10-08 16:17:02 #10 type] 
Type domain.Mugimendua is not enhanced.

[2023-10-08 16:17:02 #11 type] 
Type domain.Admin is not enhanced.

[2023-10-08 16:17:02 #12 type] 
Type domain.Editorea is not enhanced.

------------------------------------------------------------------------------------------------------------------------

[2023-10-08 16:17:18 #1 store] 
Database 'C:\Users\iaram\git\SI-Bet\src\main\resources\bets.temp' has been recovered (tr. 912-930)

[2023-10-08 16:17:18 #2 store] 
Database 'C:\Users\iaram\git\SI-Bet\src\main\resources\bets.temp' is opened by 25640@LAPTOP-QG7DD9CE

[2023-10-08 16:17:18 #3 type] 
Type domain.Event is not enhanced.

[2023-10-08 16:17:18 #4 type] 
Type domain.Question is not enhanced.

[2023-10-08 16:17:18 #5 type] 
Type domain.Aukera is not enhanced.

[2023-10-08 16:17:18 #6 type] 
Type domain.Apustua is not enhanced.

[2023-10-08 16:17:18 #7 type] 
Type domain.User is not enhanced.

[2023-10-08 16:17:18 #8 type] 
Type domain.Erregistratua is not enhanced.

[2023-10-08 16:17:18 #9 type] 
Type domain.Mezua is not enhanced.

[2023-10-08 16:17:18 #10 type] 
Type domain.Mugimendua is not enhanced.

[2023-10-08 16:17:18 #11 type] 
Type domain.Admin is not enhanced.

[2023-10-08 16:17:18 #12 type] 
Type domain.Editorea is not enhanced.

------------------------------------------------------------------------------------------------------------------------

[2023-10-08 16:18:38 #1 store] 
Database 'C:\Users\iaram\git\SI-Bet\src\main\resources\bets.temp' has been recovered (tr. 931-949)

[2023-10-08 16:18:38 #2 store] 
Database 'C:\Users\iaram\git\SI-Bet\src\main\resources\bets.temp' is opened by 13408@LAPTOP-QG7DD9CE

[2023-10-08 16:18:38 #3 type] 
Type domain.Event is not enhanced.

[2023-10-08 16:18:38 #4 type] 
Type domain.Question is not enhanced.

[2023-10-08 16:18:38 #5 type] 
Type domain.Aukera is not enhanced.

[2023-10-08 16:18:38 #6 type] 
Type domain.Apustua is not enhanced.

[2023-10-08 16:18:38 #7 type] 
Type domain.User is not enhanced.

[2023-10-08 16:18:38 #8 type] 
Type domain.Erregistratua is not enhanced.

[2023-10-08 16:18:38 #9 type] 
Type domain.Mezua is not enhanced.

[2023-10-08 16:18:38 #10 type] 
Type domain.Mugimendua is not enhanced.

[2023-10-08 16:18:38 #11 type] 
Type domain.Admin is not enhanced.

[2023-10-08 16:18:38 #12 type] 
Type domain.Editorea is not enhanced.

