------------------------------------------------------------------------------------------------------------------------

[2023-10-05 13:01:18 #1 store] 
Database 'C:\Users\iaram\git\SI-Bets\src\main\resources\bets.temp' has been recovered (tr. 127-150)

[2023-10-05 13:01:18 #2 store] 
Database 'C:\Users\iaram\git\SI-Bets\src\main\resources\bets.temp' is opened by 29320@LAPTOP-QG7DD9CE

[2023-10-05 13:01:18 #3 type] 
Type domain.Event is not enhanced.

[2023-10-05 13:01:18 #4 type] 
Type domain.Question is not enhanced.

[2023-10-05 13:01:18 #5 type] 
Type domain.Aukera is not enhanced.

[2023-10-05 13:01:18 #6 type] 
Type domain.Apustua is not enhanced.

[2023-10-05 13:01:18 #7 type] 
Type domain.User is not enhanced.

[2023-10-05 13:01:18 #8 type] 
Type domain.Erregistratua is not enhanced.

[2023-10-05 13:01:18 #9 type] 
Type domain.Mezua is not enhanced.

[2023-10-05 13:01:18 #10 type] 
Type domain.Mugimendua is not enhanced.

[2023-10-05 13:01:18 #11 type] 
Type domain.Admin is not enhanced.

[2023-10-05 13:01:18 #12 type] 
Type domain.Editorea is not enhanced.

------------------------------------------------------------------------------------------------------------------------

[2023-10-05 13:04:25 #1 store] 
Database 'C:\Users\iaram\git\SI-Bets\src\main\resources\bets.temp' has been recovered (tr. 151-155)

[2023-10-05 13:04:25 #2 store] 
Database 'C:\Users\iaram\git\SI-Bets\src\main\resources\bets.temp' is opened by 22984@LAPTOP-QG7DD9CE

[2023-10-05 13:04:25 #3 type] 
Type domain.Event is not enhanced.

[2023-10-05 13:04:25 #4 type] 
Type domain.Question is not enhanced.

[2023-10-05 13:04:25 #5 type] 
Type domain.Aukera is not enhanced.

[2023-10-05 13:04:25 #6 type] 
Type domain.Apustua is not enhanced.

[2023-10-05 13:04:25 #7 type] 
Type domain.User is not enhanced.

[2023-10-05 13:04:25 #8 type] 
Type domain.Erregistratua is not enhanced.

[2023-10-05 13:04:25 #9 type] 
Type domain.Mezua is not enhanced.

[2023-10-05 13:04:25 #10 type] 
Type domain.Mugimendua is not enhanced.

[2023-10-05 13:04:25 #11 type] 
Type domain.Admin is not enhanced.

[2023-10-05 13:04:25 #12 type] 
Type domain.Editorea is not enhanced.

------------------------------------------------------------------------------------------------------------------------

[2023-10-05 13:05:13 #1 store] 
Database 'C:\Users\iaram\git\SI-Bets\src\main\resources\bets.temp' has been recovered (tr. 156-165)

[2023-10-05 13:05:13 #2 store] 
Database 'C:\Users\iaram\git\SI-Bets\src\main\resources\bets.temp' is opened by 12400@LAPTOP-QG7DD9CE

[2023-10-05 13:05:14 #3 type] 
Type domain.Event is not enhanced.

[2023-10-05 13:05:14 #4 type] 
Type domain.Question is not enhanced.

[2023-10-05 13:05:14 #5 type] 
Type domain.Aukera is not enhanced.

[2023-10-05 13:05:14 #6 type] 
Type domain.Apustua is not enhanced.

[2023-10-05 13:05:14 #7 type] 
Type domain.User is not enhanced.

[2023-10-05 13:05:14 #8 type] 
Type domain.Erregistratua is not enhanced.

[2023-10-05 13:05:14 #9 type] 
Type domain.Mezua is not enhanced.

[2023-10-05 13:05:14 #10 type] 
Type domain.Mugimendua is not enhanced.

[2023-10-05 13:05:14 #11 type] 
Type domain.Admin is not enhanced.

[2023-10-05 13:05:14 #12 type] 
Type domain.Editorea is not enhanced.

------------------------------------------------------------------------------------------------------------------------

[2023-10-05 13:06:01 #1 store] 
Database 'C:\Users\iaram\git\SI-Bets\src\main\resources\bets.temp' has been recovered (tr. 166-175)

[2023-10-05 13:06:01 #2 store] 
Database 'C:\Users\iaram\git\SI-Bets\src\main\resources\bets.temp' is opened by 16636@LAPTOP-QG7DD9CE

[2023-10-05 13:06:01 #3 type] 
Type domain.Event is not enhanced.

[2023-10-05 13:06:01 #4 type] 
Type domain.Question is not enhanced.

[2023-10-05 13:06:01 #5 type] 
Type domain.Aukera is not enhanced.

[2023-10-05 13:06:01 #6 type] 
Type domain.Apustua is not enhanced.

[2023-10-05 13:06:01 #7 type] 
Type domain.User is not enhanced.

[2023-10-05 13:06:01 #8 type] 
Type domain.Erregistratua is not enhanced.

[2023-10-05 13:06:01 #9 type] 
Type domain.Mezua is not enhanced.

[2023-10-05 13:06:01 #10 type] 
Type domain.Mugimendua is not enhanced.

[2023-10-05 13:06:01 #11 type] 
Type domain.Admin is not enhanced.

[2023-10-05 13:06:01 #12 type] 
Type domain.Editorea is not enhanced.

------------------------------------------------------------------------------------------------------------------------

[2023-10-05 13:07:01 #1 store] 
Database 'C:\Users\iaram\git\SI-Bets\src\main\resources\bets.temp' has been recovered (tr. 176-185)

[2023-10-05 13:07:01 #2 store] 
Database 'C:\Users\iaram\git\SI-Bets\src\main\resources\bets.temp' is opened by 30608@LAPTOP-QG7DD9CE

[2023-10-05 13:07:01 #3 type] 
Type domain.Event is not enhanced.

[2023-10-05 13:07:01 #4 type] 
Type domain.Question is not enhanced.

[2023-10-05 13:07:01 #5 type] 
Type domain.Aukera is not enhanced.

[2023-10-05 13:07:01 #6 type] 
Type domain.Apustua is not enhanced.

[2023-10-05 13:07:01 #7 type] 
Type domain.User is not enhanced.

[2023-10-05 13:07:01 #8 type] 
Type domain.Erregistratua is not enhanced.

[2023-10-05 13:07:01 #9 type] 
Type domain.Mezua is not enhanced.

[2023-10-05 13:07:01 #10 type] 
Type domain.Mugimendua is not enhanced.

[2023-10-05 13:07:01 #11 type] 
Type domain.Admin is not enhanced.

[2023-10-05 13:07:01 #12 type] 
Type domain.Editorea is not enhanced.

------------------------------------------------------------------------------------------------------------------------

[2023-10-05 13:08:38 #1 store] 
Database 'C:\Users\iaram\git\SI-Bets\src\main\resources\bets.temp' has been recovered (tr. 186-187)

[2023-10-05 13:08:38 #2 store] 
Database 'C:\Users\iaram\git\SI-Bets\src\main\resources\bets.temp' is opened by 27896@LAPTOP-QG7DD9CE

[2023-10-05 13:08:38 #3 type] 
Type domain.Event is not enhanced.

[2023-10-05 13:08:38 #4 type] 
Type domain.Question is not enhanced.

[2023-10-05 13:08:38 #5 type] 
Type domain.Aukera is not enhanced.

[2023-10-05 13:08:38 #6 type] 
Type domain.Apustua is not enhanced.

[2023-10-05 13:08:38 #7 type] 
Type domain.User is not enhanced.

[2023-10-05 13:08:38 #8 type] 
Type domain.Erregistratua is not enhanced.

[2023-10-05 13:08:38 #9 type] 
Type domain.Mezua is not enhanced.

[2023-10-05 13:08:38 #10 type] 
Type domain.Mugimendua is not enhanced.

[2023-10-05 13:08:38 #11 type] 
Type domain.Admin is not enhanced.

[2023-10-05 13:08:38 #12 type] 
Type domain.Editorea is not enhanced.

