------------------------------------------------------------------------------------------------------------------------

[2023-10-13 20:56:29 #1 store] 
Database 'C:\Users\iaram\git\SI-nerea\src\main\resources\bets.temp' has been recovered (tr. 1038-1144)

[2023-10-13 20:56:29 #2 store] 
Database 'C:\Users\iaram\git\SI-nerea\src\main\resources\bets.temp' is opened by 22056@LAPTOP-QG7DD9CE

[2023-10-13 20:56:29 #3 type] 
Type domain.Aukera is not enhanced.

[2023-10-13 20:56:29 #4 type] 
Type domain.Apustua is not enhanced.

[2023-10-13 20:56:29 #5 type] 
Type domain.Question is not enhanced.

[2023-10-13 20:56:29 #6 type] 
Type domain.Event is not enhanced.

[2023-10-13 20:56:29 #7 type] 
Type domain.User is not enhanced.

[2023-10-13 20:56:29 #8 type] 
Type domain.Erregistratua is not enhanced.

[2023-10-13 20:56:29 #9 type] 
Type domain.Mezua is not enhanced.

[2023-10-13 20:56:29 #10 type] 
Type domain.Mugimendua is not enhanced.

[2023-10-13 20:56:29 #11 type] 
Type domain.Admin is not enhanced.

[2023-10-13 20:56:29 #12 type] 
Type domain.Editorea is not enhanced.

------------------------------------------------------------------------------------------------------------------------

[2023-10-13 20:56:50 #1 store] 
Database 'C:\Users\iaram\git\SI-nerea\src\main\resources\bets.temp' has been recovered (tr. 1145-1251)

[2023-10-13 20:56:50 #2 store] 
Database 'C:\Users\iaram\git\SI-nerea\src\main\resources\bets.temp' is opened by 14588@LAPTOP-QG7DD9CE

[2023-10-13 20:56:50 #3 type] 
Type domain.Aukera is not enhanced.

[2023-10-13 20:56:50 #4 type] 
Type domain.Apustua is not enhanced.

[2023-10-13 20:56:50 #5 type] 
Type domain.Question is not enhanced.

[2023-10-13 20:56:50 #6 type] 
Type domain.Event is not enhanced.

[2023-10-13 20:56:50 #7 type] 
Type domain.User is not enhanced.

[2023-10-13 20:56:50 #8 type] 
Type domain.Erregistratua is not enhanced.

[2023-10-13 20:56:50 #9 type] 
Type domain.Mezua is not enhanced.

[2023-10-13 20:56:50 #10 type] 
Type domain.Mugimendua is not enhanced.

[2023-10-13 20:56:50 #11 type] 
Type domain.Admin is not enhanced.

[2023-10-13 20:56:50 #12 type] 
Type domain.Editorea is not enhanced.

------------------------------------------------------------------------------------------------------------------------

[2023-10-13 21:10:29 #1 store] 
Database 'C:\Users\iaram\git\SI-nerea\src\main\resources\bets.temp' has been recovered (tr. 1783-1889)

[2023-10-13 21:10:29 #2 store] 
Database 'C:\Users\iaram\git\SI-nerea\src\main\resources\bets.temp' is opened by 28964@LAPTOP-QG7DD9CE

[2023-10-13 21:10:29 #3 type] 
Type domain.Aukera is not enhanced.

[2023-10-13 21:10:29 #4 type] 
Type domain.Apustua is not enhanced.

[2023-10-13 21:10:29 #5 type] 
Type domain.Question is not enhanced.

[2023-10-13 21:10:29 #6 type] 
Type domain.Event is not enhanced.

[2023-10-13 21:10:29 #7 type] 
Type domain.User is not enhanced.

[2023-10-13 21:10:29 #8 type] 
Type domain.Erregistratua is not enhanced.

[2023-10-13 21:10:29 #9 type] 
Type domain.Mezua is not enhanced.

[2023-10-13 21:10:29 #10 type] 
Type domain.Mugimendua is not enhanced.

[2023-10-13 21:10:29 #11 type] 
Type domain.Admin is not enhanced.

[2023-10-13 21:10:29 #12 type] 
Type domain.Editorea is not enhanced.

------------------------------------------------------------------------------------------------------------------------

[2023-10-13 21:14:00 #1 store] 
Database 'C:\Users\iaram\git\SI-nerea\src\main\resources\bets.temp' has been recovered (tr. 1997-2101)

[2023-10-13 21:14:00 #2 store] 
Database 'C:\Users\iaram\git\SI-nerea\src\main\resources\bets.temp' is opened by 22420@LAPTOP-QG7DD9CE

[2023-10-13 21:14:00 #3 type] 
Type domain.Aukera is not enhanced.

[2023-10-13 21:14:00 #4 type] 
Type domain.Apustua is not enhanced.

[2023-10-13 21:14:00 #5 type] 
Type domain.Question is not enhanced.

[2023-10-13 21:14:00 #6 type] 
Type domain.Event is not enhanced.

[2023-10-13 21:14:00 #7 type] 
Type domain.User is not enhanced.

[2023-10-13 21:14:00 #8 type] 
Type domain.Erregistratua is not enhanced.

[2023-10-13 21:14:00 #9 type] 
Type domain.Mezua is not enhanced.

[2023-10-13 21:14:00 #10 type] 
Type domain.Mugimendua is not enhanced.

[2023-10-13 21:14:00 #11 type] 
Type domain.Admin is not enhanced.

[2023-10-13 21:14:00 #12 type] 
Type domain.Editorea is not enhanced.

