------------------------------------------------------------------------------------------------------------------------

[2023-10-04 22:03:33 #1 store] 
Database 'C:\Users\iaram\git\SI-Bets\src\main\resources\bets.temp' has been recovered (tr. 25-29)

[2023-10-04 22:03:33 #2 store] 
Database 'C:\Users\iaram\git\SI-Bets\src\main\resources\bets.temp' is opened by 19296@LAPTOP-QG7DD9CE

[2023-10-04 22:03:34 #3 type] 
Type domain.Event is not enhanced.

[2023-10-04 22:03:34 #4 type] 
Type domain.Question is not enhanced.

[2023-10-04 22:03:34 #5 type.registry] 
New type domain.Aukera

[2023-10-04 22:03:34 #6 type.registry] 
New type java.util.Vector<domain.Aukera>

[2023-10-04 22:03:34 #7 type] 
Type domain.Aukera is not enhanced.

[2023-10-04 22:03:34 #8 type.registry] 
New type domain.Apustua

[2023-10-04 22:03:34 #9 type.registry] 
New type java.util.Vector<domain.Apustua>

[2023-10-04 22:03:34 #10 type] 
Type domain.Apustua is not enhanced.

[2023-10-04 22:03:34 #11 type.registry] 
New type java.util.ArrayList<domain.Aukera>

[2023-10-04 22:03:34 #12 type.registry] 
New type domain.User

[2023-10-04 22:03:34 #13 type.registry] 
New type domain.Erregistratua

[2023-10-04 22:03:34 #14 type] 
Type domain.User is not enhanced.

[2023-10-04 22:03:34 #15 type] 
Type domain.Erregistratua is not enhanced.

[2023-10-04 22:03:34 #16 type.registry] 
New type domain.Mezua

[2023-10-04 22:03:34 #17 type.registry] 
New type java.util.ArrayList<domain.Mezua>

[2023-10-04 22:03:34 #18 type.registry] 
New type java.util.ArrayList<java.lang.String>

[2023-10-04 22:03:34 #19 type.registry] 
New type domain.Mugimendua

[2023-10-04 22:03:34 #20 type.registry] 
New type java.util.ArrayList<domain.Mugimendua>

[2023-10-04 22:03:34 #21 type] 
Type domain.Mezua is not enhanced.

[2023-10-04 22:03:34 #22 type] 
Type domain.Mugimendua is not enhanced.

[2023-10-04 22:03:34 #23 type.registry] 
New type java.util.ArrayList<java.lang.Object>

------------------------------------------------------------------------------------------------------------------------

[2023-10-04 22:04:22 #1 store] 
Database 'C:\Users\iaram\git\SI-Bets\src\main\resources\bets.temp' has been recovered (tr. 30-35)

[2023-10-04 22:04:22 #2 store] 
Database 'C:\Users\iaram\git\SI-Bets\src\main\resources\bets.temp' is opened by 13528@LAPTOP-QG7DD9CE

[2023-10-04 22:04:22 #3 type] 
Type domain.Event is not enhanced.

[2023-10-04 22:04:22 #4 type] 
Type domain.Question is not enhanced.

[2023-10-04 22:04:22 #5 type] 
Type domain.Aukera is not enhanced.

[2023-10-04 22:04:22 #6 type] 
Type domain.Apustua is not enhanced.

[2023-10-04 22:04:22 #7 type] 
Type domain.User is not enhanced.

[2023-10-04 22:04:22 #8 type] 
Type domain.Erregistratua is not enhanced.

[2023-10-04 22:04:22 #9 type] 
Type domain.Mezua is not enhanced.

[2023-10-04 22:04:22 #10 type] 
Type domain.Mugimendua is not enhanced.

------------------------------------------------------------------------------------------------------------------------

[2023-10-04 22:04:45 #1 store] 
Database 'C:\Users\iaram\git\SI-Bets\src\main\resources\bets.temp' is opened by 10036@LAPTOP-QG7DD9CE

[2023-10-04 22:04:46 #2 type] 
Type domain.Event is not enhanced.

[2023-10-04 22:04:46 #3 type] 
Type domain.Question is not enhanced.

[2023-10-04 22:04:46 #4 type] 
Type domain.Aukera is not enhanced.

[2023-10-04 22:04:46 #5 type] 
Type domain.Apustua is not enhanced.

[2023-10-04 22:04:46 #6 type] 
Type domain.User is not enhanced.

[2023-10-04 22:04:46 #7 type] 
Type domain.Erregistratua is not enhanced.

[2023-10-04 22:04:46 #8 type] 
Type domain.Mezua is not enhanced.

[2023-10-04 22:04:46 #9 type] 
Type domain.Mugimendua is not enhanced.

------------------------------------------------------------------------------------------------------------------------

[2023-10-04 22:05:06 #1 store] 
Database 'C:\Users\iaram\git\SI-Bets\src\main\resources\bets.temp' is opened by 29352@LAPTOP-QG7DD9CE

[2023-10-04 22:05:06 #2 type] 
Type domain.Event is not enhanced.

[2023-10-04 22:05:06 #3 type] 
Type domain.Question is not enhanced.

[2023-10-04 22:05:06 #4 type] 
Type domain.Aukera is not enhanced.

[2023-10-04 22:05:06 #5 type] 
Type domain.Apustua is not enhanced.

[2023-10-04 22:05:06 #6 type] 
Type domain.User is not enhanced.

[2023-10-04 22:05:06 #7 type] 
Type domain.Erregistratua is not enhanced.

[2023-10-04 22:05:06 #8 type] 
Type domain.Mezua is not enhanced.

[2023-10-04 22:05:06 #9 type] 
Type domain.Mugimendua is not enhanced.

------------------------------------------------------------------------------------------------------------------------

[2023-10-04 22:07:16 #1 store] 
Database 'C:\Users\iaram\git\SI-Bets\src\main\resources\bets.temp' is opened by 3532@LAPTOP-QG7DD9CE

[2023-10-04 22:07:16 #2 type] 
Type domain.Event is not enhanced.

[2023-10-04 22:07:16 #3 type] 
Type domain.Question is not enhanced.

[2023-10-04 22:07:16 #4 type] 
Type domain.Aukera is not enhanced.

[2023-10-04 22:07:16 #5 type] 
Type domain.Apustua is not enhanced.

[2023-10-04 22:07:16 #6 type] 
Type domain.User is not enhanced.

[2023-10-04 22:07:16 #7 type] 
Type domain.Erregistratua is not enhanced.

[2023-10-04 22:07:16 #8 type] 
Type domain.Mezua is not enhanced.

[2023-10-04 22:07:16 #9 type] 
Type domain.Mugimendua is not enhanced.

------------------------------------------------------------------------------------------------------------------------

[2023-10-04 22:07:55 #1 store] 
Database 'C:\Users\iaram\git\SI-Bets\src\main\resources\bets.temp' is opened by 29420@LAPTOP-QG7DD9CE

[2023-10-04 22:07:55 #2 type] 
Type domain.Event is not enhanced.

[2023-10-04 22:07:55 #3 type] 
Type domain.Question is not enhanced.

[2023-10-04 22:07:55 #4 type] 
Type domain.Aukera is not enhanced.

[2023-10-04 22:07:55 #5 type] 
Type domain.Apustua is not enhanced.

[2023-10-04 22:07:55 #6 type] 
Type domain.User is not enhanced.

[2023-10-04 22:07:55 #7 type] 
Type domain.Erregistratua is not enhanced.

[2023-10-04 22:07:55 #8 type] 
Type domain.Mezua is not enhanced.

[2023-10-04 22:07:55 #9 type] 
Type domain.Mugimendua is not enhanced.

------------------------------------------------------------------------------------------------------------------------

[2023-10-04 22:08:07 #1 store] 
Database 'C:\Users\iaram\git\SI-Bets\src\main\resources\bets.temp' is opened by 27096@LAPTOP-QG7DD9CE

[2023-10-04 22:08:07 #2 type] 
Type domain.Event is not enhanced.

[2023-10-04 22:08:07 #3 type] 
Type domain.Question is not enhanced.

[2023-10-04 22:08:07 #4 type] 
Type domain.Aukera is not enhanced.

[2023-10-04 22:08:07 #5 type] 
Type domain.Apustua is not enhanced.

[2023-10-04 22:08:07 #6 type] 
Type domain.User is not enhanced.

[2023-10-04 22:08:07 #7 type] 
Type domain.Erregistratua is not enhanced.

[2023-10-04 22:08:07 #8 type] 
Type domain.Mezua is not enhanced.

[2023-10-04 22:08:07 #9 type] 
Type domain.Mugimendua is not enhanced.

------------------------------------------------------------------------------------------------------------------------

[2023-10-04 22:12:30 #1 store] 
Database 'C:\Users\iaram\git\SI-Bets\src\main\resources\bets.temp' is opened by 27644@LAPTOP-QG7DD9CE

[2023-10-04 22:12:30 #2 type] 
Type domain.Event is not enhanced.

[2023-10-04 22:12:30 #3 type] 
Type domain.Question is not enhanced.

[2023-10-04 22:12:30 #4 type] 
Type domain.Aukera is not enhanced.

[2023-10-04 22:12:30 #5 type] 
Type domain.Apustua is not enhanced.

[2023-10-04 22:12:30 #6 type] 
Type domain.User is not enhanced.

[2023-10-04 22:12:30 #7 type] 
Type domain.Erregistratua is not enhanced.

[2023-10-04 22:12:30 #8 type] 
Type domain.Mezua is not enhanced.

[2023-10-04 22:12:30 #9 type] 
Type domain.Mugimendua is not enhanced.

------------------------------------------------------------------------------------------------------------------------

[2023-10-04 22:13:09 #1 store] 
Database 'C:\Users\iaram\git\SI-Bets\src\main\resources\bets.temp' is opened by 20832@LAPTOP-QG7DD9CE

[2023-10-04 22:13:09 #2 type] 
Type domain.Event is not enhanced.

[2023-10-04 22:13:09 #3 type] 
Type domain.Question is not enhanced.

[2023-10-04 22:13:09 #4 type] 
Type domain.Aukera is not enhanced.

[2023-10-04 22:13:09 #5 type] 
Type domain.Apustua is not enhanced.

[2023-10-04 22:13:09 #6 type] 
Type domain.User is not enhanced.

[2023-10-04 22:13:09 #7 type] 
Type domain.Erregistratua is not enhanced.

[2023-10-04 22:13:09 #8 type] 
Type domain.Mezua is not enhanced.

[2023-10-04 22:13:09 #9 type] 
Type domain.Mugimendua is not enhanced.

------------------------------------------------------------------------------------------------------------------------

[2023-10-04 22:17:56 #1 store] 
Database 'C:\Users\iaram\git\SI-Bets\src\main\resources\bets.temp' is opened by 18212@LAPTOP-QG7DD9CE

[2023-10-04 22:17:56 #2 type] 
Type domain.Event is not enhanced.

[2023-10-04 22:17:56 #3 type] 
Type domain.Question is not enhanced.

[2023-10-04 22:17:56 #4 type] 
Type domain.Aukera is not enhanced.

[2023-10-04 22:17:56 #5 type] 
Type domain.Apustua is not enhanced.

[2023-10-04 22:17:56 #6 type] 
Type domain.User is not enhanced.

[2023-10-04 22:17:56 #7 type] 
Type domain.Erregistratua is not enhanced.

[2023-10-04 22:17:56 #8 type] 
Type domain.Mezua is not enhanced.

[2023-10-04 22:17:56 #9 type] 
Type domain.Mugimendua is not enhanced.

------------------------------------------------------------------------------------------------------------------------

[2023-10-04 22:18:10 #1 store] 
Database 'C:\Users\iaram\git\SI-Bets\src\main\resources\bets.temp' has been recovered (tr. 38-44)

[2023-10-04 22:18:10 #2 store] 
Database 'C:\Users\iaram\git\SI-Bets\src\main\resources\bets.temp' is opened by 11004@LAPTOP-QG7DD9CE

[2023-10-04 22:18:10 #3 type] 
Type domain.Event is not enhanced.

[2023-10-04 22:18:10 #4 type] 
Type domain.Question is not enhanced.

[2023-10-04 22:18:10 #5 type] 
Type domain.Aukera is not enhanced.

[2023-10-04 22:18:10 #6 type] 
Type domain.Apustua is not enhanced.

[2023-10-04 22:18:10 #7 type] 
Type domain.User is not enhanced.

[2023-10-04 22:18:10 #8 type] 
Type domain.Erregistratua is not enhanced.

[2023-10-04 22:18:10 #9 type] 
Type domain.Mezua is not enhanced.

[2023-10-04 22:18:10 #10 type] 
Type domain.Mugimendua is not enhanced.

------------------------------------------------------------------------------------------------------------------------

[2023-10-04 22:19:08 #1 store] 
Database 'C:\Users\iaram\git\SI-Bets\src\main\resources\bets.temp' has been recovered (tr. 45-53)

[2023-10-04 22:19:08 #2 store] 
Database 'C:\Users\iaram\git\SI-Bets\src\main\resources\bets.temp' is opened by 22128@LAPTOP-QG7DD9CE

[2023-10-04 22:19:08 #3 type] 
Type domain.Event is not enhanced.

[2023-10-04 22:19:08 #4 type] 
Type domain.Question is not enhanced.

[2023-10-04 22:19:08 #5 type] 
Type domain.Aukera is not enhanced.

[2023-10-04 22:19:08 #6 type] 
Type domain.Apustua is not enhanced.

[2023-10-04 22:19:08 #7 type] 
Type domain.User is not enhanced.

[2023-10-04 22:19:08 #8 type] 
Type domain.Erregistratua is not enhanced.

[2023-10-04 22:19:08 #9 type] 
Type domain.Mezua is not enhanced.

[2023-10-04 22:19:08 #10 type] 
Type domain.Mugimendua is not enhanced.

------------------------------------------------------------------------------------------------------------------------

[2023-10-04 22:19:15 #1 store] 
Database 'C:\Users\iaram\git\SI-Bets\src\main\resources\bets.temp' has been recovered (tr. 54-63)

[2023-10-04 22:19:16 #2 store] 
Database 'C:\Users\iaram\git\SI-Bets\src\main\resources\bets.temp' is opened by 10256@LAPTOP-QG7DD9CE

[2023-10-04 22:19:16 #3 type] 
Type domain.Event is not enhanced.

[2023-10-04 22:19:16 #4 type] 
Type domain.Question is not enhanced.

[2023-10-04 22:19:16 #5 type] 
Type domain.Aukera is not enhanced.

[2023-10-04 22:19:16 #6 type] 
Type domain.Apustua is not enhanced.

[2023-10-04 22:19:16 #7 type] 
Type domain.User is not enhanced.

[2023-10-04 22:19:16 #8 type] 
Type domain.Erregistratua is not enhanced.

[2023-10-04 22:19:16 #9 type] 
Type domain.Mezua is not enhanced.

[2023-10-04 22:19:16 #10 type] 
Type domain.Mugimendua is not enhanced.

------------------------------------------------------------------------------------------------------------------------

[2023-10-04 22:23:48 #1 store] 
Database 'C:\Users\iaram\git\SI-Bets\src\main\resources\bets.temp' has been recovered (tr. 64-73)

[2023-10-04 22:23:48 #2 store] 
Database 'C:\Users\iaram\git\SI-Bets\src\main\resources\bets.temp' is opened by 7980@LAPTOP-QG7DD9CE

[2023-10-04 22:23:48 #3 type] 
Type domain.Event is not enhanced.

[2023-10-04 22:23:48 #4 type] 
Type domain.Question is not enhanced.

[2023-10-04 22:23:48 #5 type] 
Type domain.Aukera is not enhanced.

[2023-10-04 22:23:48 #6 type] 
Type domain.Apustua is not enhanced.

[2023-10-04 22:23:48 #7 type] 
Type domain.User is not enhanced.

[2023-10-04 22:23:48 #8 type] 
Type domain.Erregistratua is not enhanced.

[2023-10-04 22:23:48 #9 type] 
Type domain.Mezua is not enhanced.

[2023-10-04 22:23:48 #10 type] 
Type domain.Mugimendua is not enhanced.

[2023-10-04 22:23:48 #11 type.registry] 
New type domain.Admin

[2023-10-04 22:23:48 #12 type] 
Type domain.Admin is not enhanced.

[2023-10-04 22:23:48 #13 type.registry] 
New type domain.Editorea

[2023-10-04 22:23:48 #14 type] 
Type domain.Editorea is not enhanced.

------------------------------------------------------------------------------------------------------------------------

[2023-10-04 22:24:56 #1 store] 
Database 'C:\Users\iaram\git\SI-Bets\src\main\resources\bets.temp' has been recovered (tr. 74-100)

[2023-10-04 22:24:56 #2 store] 
Database 'C:\Users\iaram\git\SI-Bets\src\main\resources\bets.temp' is opened by 20416@LAPTOP-QG7DD9CE

[2023-10-04 22:24:56 #3 type] 
Type domain.Event is not enhanced.

[2023-10-04 22:24:56 #4 type] 
Type domain.Question is not enhanced.

[2023-10-04 22:24:56 #5 type] 
Type domain.Aukera is not enhanced.

[2023-10-04 22:24:56 #6 type] 
Type domain.Apustua is not enhanced.

[2023-10-04 22:24:56 #7 type] 
Type domain.User is not enhanced.

[2023-10-04 22:24:56 #8 type] 
Type domain.Erregistratua is not enhanced.

[2023-10-04 22:24:56 #9 type] 
Type domain.Mezua is not enhanced.

[2023-10-04 22:24:56 #10 type] 
Type domain.Mugimendua is not enhanced.

[2023-10-04 22:24:56 #11 type] 
Type domain.Admin is not enhanced.

[2023-10-04 22:24:56 #12 type] 
Type domain.Editorea is not enhanced.

------------------------------------------------------------------------------------------------------------------------

[2023-10-04 22:26:45 #1 store] 
Database 'C:\Users\iaram\git\SI-Bets\src\main\resources\bets.temp' is opened by 5128@LAPTOP-QG7DD9CE

[2023-10-04 22:26:45 #2 type] 
Type domain.Event is not enhanced.

[2023-10-04 22:26:45 #3 type] 
Type domain.Question is not enhanced.

[2023-10-04 22:26:45 #4 type] 
Type domain.Aukera is not enhanced.

[2023-10-04 22:26:45 #5 type] 
Type domain.Apustua is not enhanced.

[2023-10-04 22:26:45 #6 type] 
Type domain.User is not enhanced.

[2023-10-04 22:26:45 #7 type] 
Type domain.Erregistratua is not enhanced.

[2023-10-04 22:26:45 #8 type] 
Type domain.Mezua is not enhanced.

[2023-10-04 22:26:45 #9 type] 
Type domain.Mugimendua is not enhanced.

[2023-10-04 22:26:45 #10 type] 
Type domain.Admin is not enhanced.

[2023-10-04 22:26:45 #11 type] 
Type domain.Editorea is not enhanced.

